<?xml version="1.0" encoding="UTF-8" standalone="no"?>
<!DOCTYPE log SYSTEM "logger.dtd">
<log>
<record>
  <date>2019-03-29T12:27:28</date>
  <millis>1553876848540</millis>
  <sequence>0</sequence>
  <level>START</level>
  <class>com.kms.katalon.core.logging.XmlKeywordLogger</class>
  <method>startSuite</method>
  <thread>1</thread>
  <message>Start Test Suite : Test Suites/ColoradoPeakProMetrics</message>
  <nestedLevel>0</nestedLevel>
  <property name="name">ColoradoPeakProMetrics</property>
  <property name="description"></property>
  <property name="id">Test Suites/ColoradoPeakProMetrics</property>
</record>
<record>
  <date>2019-03-29T12:27:28</date>
  <millis>1553876848560</millis>
  <sequence>1</sequence>
  <level>RUN_DATA</level>
  <class>com.kms.katalon.core.logging.XmlKeywordLogger</class>
  <method>logMessage</method>
  <thread>1</thread>
  <message>hostName = subsarkar - USLMASUBSARKAR2.us.deloitte.com</message>
  <nestedLevel>0</nestedLevel>
  <property name="hostName">subsarkar - USLMASUBSARKAR2.us.deloitte.com</property>
</record>
<record>
  <date>2019-03-29T12:27:28</date>
  <millis>1553876848563</millis>
  <sequence>2</sequence>
  <level>RUN_DATA</level>
  <class>com.kms.katalon.core.logging.XmlKeywordLogger</class>
  <method>logMessage</method>
  <thread>1</thread>
  <message>os = Windows 10 64bit</message>
  <nestedLevel>0</nestedLevel>
  <property name="os">Windows 10 64bit</property>
</record>
<record>
  <date>2019-03-29T12:27:28</date>
  <millis>1553876848564</millis>
  <sequence>3</sequence>
  <level>RUN_DATA</level>
  <class>com.kms.katalon.core.logging.XmlKeywordLogger</class>
  <method>logMessage</method>
  <thread>1</thread>
  <message>hostAddress = 192.168.1.102</message>
  <nestedLevel>0</nestedLevel>
  <property name="hostAddress">192.168.1.102</property>
</record>
<record>
  <date>2019-03-29T12:27:28</date>
  <millis>1553876848567</millis>
  <sequence>4</sequence>
  <level>RUN_DATA</level>
  <class>com.kms.katalon.core.logging.XmlKeywordLogger</class>
  <method>logMessage</method>
  <thread>1</thread>
  <message>katalonVersion = 6.0.6.4</message>
  <nestedLevel>0</nestedLevel>
  <property name="katalonVersion">6.0.6.4</property>
</record>
<record>
  <date>2019-03-29T12:27:29</date>
  <millis>1553876849332</millis>
  <sequence>5</sequence>
  <level>START</level>
  <class>com.kms.katalon.core.logging.XmlKeywordLogger</class>
  <method>startKeyword</method>
  <thread>1</thread>
  <message>Start listener action : sampleBeforeTestSuite</message>
  <nestedLevel>0</nestedLevel>
</record>
<record>
  <date>2019-03-29T12:27:29</date>
  <millis>1553876849378</millis>
  <sequence>7</sequence>
  <level>START</level>
  <class>com.kms.katalon.core.logging.XmlKeywordLogger</class>
  <method>startKeyword</method>
  <thread>1</thread>
  <message>Start action : println(testSuiteContext.getTestSuiteId())</message>
  <nestedLevel>1</nestedLevel>
  <property name="startLine">52</property>
  <property name="stepIndex">1</property>
</record>
<record>
  <date>2019-03-29T12:27:29</date>
  <millis>1553876849394</millis>
  <sequence>9</sequence>
  <level>END</level>
  <class>com.kms.katalon.core.logging.XmlKeywordLogger</class>
  <method>endKeyword</method>
  <thread>1</thread>
  <message>End action : println(testSuiteContext.getTestSuiteId())</message>
  <nestedLevel>1</nestedLevel>
</record>
<record>
  <date>2019-03-29T12:27:29</date>
  <millis>1553876849395</millis>
  <sequence>10</sequence>
  <level>END</level>
  <class>com.kms.katalon.core.logging.XmlKeywordLogger</class>
  <method>endKeyword</method>
  <thread>1</thread>
  <message>End listener action : sampleBeforeTestSuite</message>
  <nestedLevel>0</nestedLevel>
</record>
<record>
  <date>2019-03-29T12:27:29</date>
  <millis>1553876849549</millis>
  <sequence>11</sequence>
  <level>START</level>
  <class>com.kms.katalon.core.logging.XmlKeywordLogger</class>
  <method>startTest</method>
  <thread>1</thread>
  <message>Start Test Case : Test Cases/ColoradoPeak</message>
  <nestedLevel>1</nestedLevel>
  <property name="name">Test Cases/ColoradoPeak</property>
  <property name="description"></property>
  <property name="id">Test Cases/ColoradoPeak</property>
  <property name="source">C:\\Users\\subsarkar\\software\\workspacekatalon\\skydive\\Test Cases\\ColoradoPeak.tc</property>
  <property name="isOptional">false</property>
</record>
<record>
  <date>2019-03-29T12:27:29</date>
  <millis>1553876849575</millis>
  <sequence>13</sequence>
  <level>START</level>
  <class>com.kms.katalon.core.logging.XmlKeywordLogger</class>
  <method>startKeyword</method>
  <thread>1</thread>
  <message>Start listener action : sampleBeforeTestCase</message>
  <nestedLevel>1</nestedLevel>
</record>
<record>
  <date>2019-03-29T12:27:29</date>
  <millis>1553876849577</millis>
  <sequence>15</sequence>
  <level>START</level>
  <class>com.kms.katalon.core.logging.XmlKeywordLogger</class>
  <method>startKeyword</method>
  <thread>1</thread>
  <message>Start action : println(testCaseContext.getTestCaseId())</message>
  <nestedLevel>1</nestedLevel>
  <property name="startLine">32</property>
  <property name="stepIndex">1</property>
</record>
<record>
  <date>2019-03-29T12:27:29</date>
  <millis>1553876849595</millis>
  <sequence>16</sequence>
  <level>END</level>
  <class>com.kms.katalon.core.logging.XmlKeywordLogger</class>
  <method>endKeyword</method>
  <thread>1</thread>
  <message>End action : println(testCaseContext.getTestCaseId())</message>
  <nestedLevel>1</nestedLevel>
</record>
<record>
  <date>2019-03-29T12:27:29</date>
  <millis>1553876849596</millis>
  <sequence>17</sequence>
  <level>START</level>
  <class>com.kms.katalon.core.logging.XmlKeywordLogger</class>
  <method>startKeyword</method>
  <thread>1</thread>
  <message>Start action : println(testCaseContext.getTestCaseVariables())</message>
  <nestedLevel>1</nestedLevel>
  <property name="startLine">33</property>
  <property name="stepIndex">2</property>
</record>
<record>
  <date>2019-03-29T12:27:29</date>
  <millis>1553876849598</millis>
  <sequence>19</sequence>
  <level>END</level>
  <class>com.kms.katalon.core.logging.XmlKeywordLogger</class>
  <method>endKeyword</method>
  <thread>1</thread>
  <message>End action : println(testCaseContext.getTestCaseVariables())</message>
  <nestedLevel>1</nestedLevel>
</record>
<record>
  <date>2019-03-29T12:27:29</date>
  <millis>1553876849598</millis>
  <sequence>20</sequence>
  <level>END</level>
  <class>com.kms.katalon.core.logging.XmlKeywordLogger</class>
  <method>endKeyword</method>
  <thread>1</thread>
  <message>End listener action : sampleBeforeTestCase</message>
  <nestedLevel>1</nestedLevel>
</record>
<record>
  <date>2019-03-29T12:27:30</date>
  <millis>1553876850285</millis>
  <sequence>21</sequence>
  <level>START</level>
  <class>com.kms.katalon.core.logging.XmlKeywordLogger</class>
  <method>startKeyword</method>
  <thread>1</thread>
  <message>Start action : com.app.keyword.Keywords.peakReport()</message>
  <nestedLevel>1</nestedLevel>
  <property name="startLine">16</property>
  <property name="stepIndex">1</property>
</record>
<record>
  <date>2019-03-29T12:27:30</date>
  <millis>1553876850817</millis>
  <sequence>23</sequence>
  <level>INFO</level>
  <class>com.kms.katalon.core.logging.XmlKeywordLogger</class>
  <method>logMessage</method>
  <thread>1</thread>
  <message>Starting &amp;apos;Chrome&amp;apos; driver</message>
  <nestedLevel>1</nestedLevel>
</record>
<record>
  <date>2019-03-29T12:27:30</date>
  <millis>1553876850919</millis>
  <sequence>24</sequence>
  <level>INFO</level>
  <class>com.kms.katalon.core.logging.XmlKeywordLogger</class>
  <method>logMessage</method>
  <thread>1</thread>
  <message>Action delay is set to 0 seconds</message>
  <nestedLevel>1</nestedLevel>
</record>
<record>
  <date>2019-03-29T12:27:35</date>
  <millis>1553876855003</millis>
  <sequence>26</sequence>
  <level>RUN_DATA</level>
  <class>com.kms.katalon.core.logging.XmlKeywordLogger</class>
  <method>logMessage</method>
  <thread>1</thread>
  <message>sessionId = 76e90e29b77ce659fd45a37822f25921</message>
  <nestedLevel>1</nestedLevel>
  <property name="sessionId">76e90e29b77ce659fd45a37822f25921</property>
</record>
<record>
  <date>2019-03-29T12:27:35</date>
  <millis>1553876855038</millis>
  <sequence>27</sequence>
  <level>RUN_DATA</level>
  <class>com.kms.katalon.core.logging.XmlKeywordLogger</class>
  <method>logMessage</method>
  <thread>1</thread>
  <message>browser = Chrome 73.0.3683.86</message>
  <nestedLevel>1</nestedLevel>
  <property name="browser">Chrome 73.0.3683.86</property>
</record>
<record>
  <date>2019-03-29T12:27:35</date>
  <millis>1553876855039</millis>
  <sequence>28</sequence>
  <level>RUN_DATA</level>
  <class>com.kms.katalon.core.logging.XmlKeywordLogger</class>
  <method>logMessage</method>
  <thread>1</thread>
  <message>platform = Windows 10</message>
  <nestedLevel>1</nestedLevel>
  <property name="platform">Windows 10</property>
</record>
<record>
  <date>2019-03-29T12:27:35</date>
  <millis>1553876855044</millis>
  <sequence>29</sequence>
  <level>RUN_DATA</level>
  <class>com.kms.katalon.core.logging.XmlKeywordLogger</class>
  <method>logMessage</method>
  <thread>1</thread>
  <message>seleniumVersion = 3.7.1</message>
  <nestedLevel>1</nestedLevel>
  <property name="seleniumVersion">3.7.1</property>
</record>
<record>
  <date>2019-03-29T12:27:35</date>
  <millis>1553876855045</millis>
  <sequence>30</sequence>
  <level>RUN_DATA</level>
  <class>com.kms.katalon.core.logging.XmlKeywordLogger</class>
  <method>logMessage</method>
  <thread>1</thread>
  <message>proxyInformation = ProxyInformation{proxyOption=NO_PROXY, proxyServerType=HTTP, password=, proxyServerAddress=, proxyServerPort=0}</message>
  <nestedLevel>1</nestedLevel>
  <property name="proxyInformation">ProxyInformation{proxyOption=NO_PROXY, proxyServerType=HTTP, password=, proxyServerAddress=, proxyServerPort=0}</property>
</record>
<record>
  <date>2019-03-29T12:27:36</date>
  <millis>1553876856484</millis>
  <sequence>32</sequence>
  <level>PASSED</level>
  <class>com.kms.katalon.core.logging.XmlKeywordLogger</class>
  <method>logMessage</method>
  <thread>1</thread>
  <message>Browser is opened with url: &amp;apos;https://coloradopeak.secure.force.com/RPTSS&amp;apos;</message>
  <nestedLevel>1</nestedLevel>
</record>
<record>
  <date>2019-03-29T12:27:36</date>
  <millis>1553876856824</millis>
  <sequence>34</sequence>
  <level>PASSED</level>
  <class>com.kms.katalon.core.logging.XmlKeywordLogger</class>
  <method>logMessage</method>
  <thread>1</thread>
  <message>Current window maximized</message>
  <nestedLevel>1</nestedLevel>
</record>
<record>
  <date>2019-03-29T12:27:38</date>
  <millis>1553876858068</millis>
  <sequence>35</sequence>
  <level>PASSED</level>
  <class>com.kms.katalon.core.logging.XmlKeywordLogger</class>
  <method>logMessage</method>
  <thread>1</thread>
  <message>Report Name: ***************************************Am I Eligible-Self Assessments Totals**********************************************************</message>
  <nestedLevel>1</nestedLevel>
</record>
<record>
  <date>2019-03-29T12:27:38</date>
  <millis>1553876858242</millis>
  <sequence>36</sequence>
  <level>PASSED</level>
  <class>com.kms.katalon.core.logging.XmlKeywordLogger</class>
  <method>logMessage</method>
  <thread>1</thread>
  <message>Statistic:1 Self-Assessments started in the month1--------------Count: 6584</message>
  <nestedLevel>1</nestedLevel>
</record>
<record>
  <date>2019-03-29T12:27:38</date>
  <millis>1553876858370</millis>
  <sequence>37</sequence>
  <level>PASSED</level>
  <class>com.kms.katalon.core.logging.XmlKeywordLogger</class>
  <method>logMessage</method>
  <thread>1</thread>
  <message>Statistic:2 Self-Assessments completed in the month2--------------Count: 4809</message>
  <nestedLevel>1</nestedLevel>
</record>
<record>
  <date>2019-03-29T12:27:38</date>
  <millis>1553876858487</millis>
  <sequence>38</sequence>
  <level>PASSED</level>
  <class>com.kms.katalon.core.logging.XmlKeywordLogger</class>
  <method>logMessage</method>
  <thread>1</thread>
  <message>Statistic:3 Number of households found to be potentially eligible for one or more programs in the month--------------Count: 3692</message>
  <nestedLevel>1</nestedLevel>
</record>
<record>
  <date>2019-03-29T12:27:38</date>
  <millis>1553876858600</millis>
  <sequence>39</sequence>
  <level>PASSED</level>
  <class>com.kms.katalon.core.logging.XmlKeywordLogger</class>
  <method>logMessage</method>
  <thread>1</thread>
  <message>Statistic:4 Self-Assessments started since initial launch (10/18/2009) through report month3--------------Count: 404878</message>
  <nestedLevel>1</nestedLevel>
</record>
<record>
  <date>2019-03-29T12:27:38</date>
  <millis>1553876858714</millis>
  <sequence>40</sequence>
  <level>PASSED</level>
  <class>com.kms.katalon.core.logging.XmlKeywordLogger</class>
  <method>logMessage</method>
  <thread>1</thread>
  <message>Statistic:5 Self-Assessments completed since initial launch (10/18/2009) through report month4--------------Count: 605409</message>
  <nestedLevel>1</nestedLevel>
</record>
<record>
  <date>2019-03-29T12:27:38</date>
  <millis>1553876858828</millis>
  <sequence>41</sequence>
  <level>PASSED</level>
  <class>com.kms.katalon.core.logging.XmlKeywordLogger</class>
  <method>logMessage</method>
  <thread>1</thread>
  <message>Statistic:6 Number of households found to be potentially eligible for WIC--------------Count: 919</message>
  <nestedLevel>1</nestedLevel>
</record>
<record>
  <date>2019-03-29T12:27:38</date>
  <millis>1553876858923</millis>
  <sequence>42</sequence>
  <level>PASSED</level>
  <class>com.kms.katalon.core.logging.XmlKeywordLogger</class>
  <method>logMessage</method>
  <thread>1</thread>
  <message>Statistic:7 Number of households found to be potentially eligible for HIPPY--------------Count: 228</message>
  <nestedLevel>1</nestedLevel>
</record>
<record>
  <date>2019-03-29T12:27:39</date>
  <millis>1553876859003</millis>
  <sequence>43</sequence>
  <level>PASSED</level>
  <class>com.kms.katalon.core.logging.XmlKeywordLogger</class>
  <method>logMessage</method>
  <thread>1</thread>
  <message>Statistic:8 Number of households found to be potentially eligible for PAT--------------Count: 1273</message>
  <nestedLevel>1</nestedLevel>
</record>
<record>
  <date>2019-03-29T12:27:39</date>
  <millis>1553876859093</millis>
  <sequence>44</sequence>
  <level>PASSED</level>
  <class>com.kms.katalon.core.logging.XmlKeywordLogger</class>
  <method>logMessage</method>
  <thread>1</thread>
  <message>Statistic:9 Number of households found to be potentially eligible for NFP--------------Count: 178</message>
  <nestedLevel>1</nestedLevel>
</record>
<record>
  <date>2019-03-29T12:27:39</date>
  <millis>1553876859178</millis>
  <sequence>45</sequence>
  <level>PASSED</level>
  <class>com.kms.katalon.core.logging.XmlKeywordLogger</class>
  <method>logMessage</method>
  <thread>1</thread>
  <message>Statistic:10 Number of households found to be potentially eligible for Healthy Steps--------------Count: 838</message>
  <nestedLevel>1</nestedLevel>
</record>
<record>
  <date>2019-03-29T12:27:39</date>
  <millis>1553876859276</millis>
  <sequence>46</sequence>
  <level>PASSED</level>
  <class>com.kms.katalon.core.logging.XmlKeywordLogger</class>
  <method>logMessage</method>
  <thread>1</thread>
  <message>Statistic:11 Number of households found to be potentially eligible for Preschool Special Education--------------Count: 10</message>
  <nestedLevel>1</nestedLevel>
</record>
<record>
  <date>2019-03-29T12:27:39</date>
  <millis>1553876859407</millis>
  <sequence>47</sequence>
  <level>PASSED</level>
  <class>com.kms.katalon.core.logging.XmlKeywordLogger</class>
  <method>logMessage</method>
  <thread>1</thread>
  <message>Statistic:12 Number of households found to be potentially eligible for School Nutrition Programs--------------Count: 598</message>
  <nestedLevel>1</nestedLevel>
</record>
<record>
  <date>2019-03-29T12:27:39</date>
  <millis>1553876859494</millis>
  <sequence>48</sequence>
  <level>PASSED</level>
  <class>com.kms.katalon.core.logging.XmlKeywordLogger</class>
  <method>logMessage</method>
  <thread>1</thread>
  <message>Statistic:13 Number of households found to be potentially eligible for Head Start--------------Count: 268</message>
  <nestedLevel>1</nestedLevel>
</record>
<record>
  <date>2019-03-29T12:27:39</date>
  <millis>1553876859576</millis>
  <sequence>49</sequence>
  <level>PASSED</level>
  <class>com.kms.katalon.core.logging.XmlKeywordLogger</class>
  <method>logMessage</method>
  <thread>1</thread>
  <message>Statistic:14 Number of households found to be in-eligible for Head Start due to non-participating county--------------Count: 119</message>
  <nestedLevel>1</nestedLevel>
</record>
<record>
  <date>2019-03-29T12:27:39</date>
  <millis>1553876859654</millis>
  <sequence>50</sequence>
  <level>PASSED</level>
  <class>com.kms.katalon.core.logging.XmlKeywordLogger</class>
  <method>logMessage</method>
  <thread>1</thread>
  <message>Statistic:15 Number of households found to be potentially eligible for EI Colorado--------------Count: 64</message>
  <nestedLevel>1</nestedLevel>
</record>
<record>
  <date>2019-03-29T12:27:39</date>
  <millis>1553876859736</millis>
  <sequence>51</sequence>
  <level>PASSED</level>
  <class>com.kms.katalon.core.logging.XmlKeywordLogger</class>
  <method>logMessage</method>
  <thread>1</thread>
  <message>Statistic:16 Number of households found to be potentially eligible for LEAP--------------Count: 598</message>
  <nestedLevel>1</nestedLevel>
</record>
<record>
  <date>2019-03-29T12:27:39</date>
  <millis>1553876859823</millis>
  <sequence>52</sequence>
  <level>PASSED</level>
  <class>com.kms.katalon.core.logging.XmlKeywordLogger</class>
  <method>logMessage</method>
  <thread>1</thread>
  <message>Statistic:17 Number of households found to be potentially eligible for CCCAP--------------Count: 915</message>
  <nestedLevel>1</nestedLevel>
</record>
<record>
  <date>2019-03-29T12:27:39</date>
  <millis>1553876859908</millis>
  <sequence>53</sequence>
  <level>PASSED</level>
  <class>com.kms.katalon.core.logging.XmlKeywordLogger</class>
  <method>logMessage</method>
  <thread>1</thread>
  <message>Statistic:18 Number of households found to be potentially eligible for SafeCare--------------Count: 204</message>
  <nestedLevel>1</nestedLevel>
</record>
<record>
  <date>2019-03-29T12:27:41</date>
  <millis>1553876861322</millis>
  <sequence>54</sequence>
  <level>PASSED</level>
  <class>com.kms.katalon.core.logging.XmlKeywordLogger</class>
  <method>logMessage</method>
  <thread>1</thread>
  <message>Report Name: ***************************************Spanish Webpage**********************************************************</message>
  <nestedLevel>1</nestedLevel>
</record>
<record>
  <date>2019-03-29T12:27:41</date>
  <millis>1553876861405</millis>
  <sequence>55</sequence>
  <level>PASSED</level>
  <class>com.kms.katalon.core.logging.XmlKeywordLogger</class>
  <method>logMessage</method>
  <thread>1</thread>
  <message>Statistic:1 Number of household selecting Spanish1--------------Count: 48</message>
  <nestedLevel>1</nestedLevel>
</record>
<record>
  <date>2019-03-29T12:27:41</date>
  <millis>1553876861957</millis>
  <sequence>56</sequence>
  <level>PASSED</level>
  <class>com.kms.katalon.core.logging.XmlKeywordLogger</class>
  <method>logMessage</method>
  <thread>1</thread>
  <message>Report Name: ***************************************Unique Accounts Created**********************************************************</message>
  <nestedLevel>1</nestedLevel>
</record>
<record>
  <date>2019-03-29T12:27:42</date>
  <millis>1553876862042</millis>
  <sequence>57</sequence>
  <level>PASSED</level>
  <class>com.kms.katalon.core.logging.XmlKeywordLogger</class>
  <method>logMessage</method>
  <thread>1</thread>
  <message>Statistic:1 All new accounts created in the month--------------Count: 12822</message>
  <nestedLevel>1</nestedLevel>
</record>
<record>
  <date>2019-03-29T12:27:42</date>
  <millis>1553876862640</millis>
  <sequence>58</sequence>
  <level>PASSED</level>
  <class>com.kms.katalon.core.logging.XmlKeywordLogger</class>
  <method>logMessage</method>
  <thread>1</thread>
  <message>Report Name: ***************************************Total Number Of Applications And Change Reports**********************************************************</message>
  <nestedLevel>1</nestedLevel>
</record>
<record>
  <date>2019-03-29T12:27:42</date>
  <millis>1553876862729</millis>
  <sequence>59</sequence>
  <level>PASSED</level>
  <class>com.kms.katalon.core.logging.XmlKeywordLogger</class>
  <method>logMessage</method>
  <thread>1</thread>
  <message>Statistic:1 Applications started in the month 2--------------Count: 16768</message>
  <nestedLevel>1</nestedLevel>
</record>
<record>
  <date>2019-03-29T12:27:42</date>
  <millis>1553876862805</millis>
  <sequence>60</sequence>
  <level>PASSED</level>
  <class>com.kms.katalon.core.logging.XmlKeywordLogger</class>
  <method>logMessage</method>
  <thread>1</thread>
  <message>Statistic:2 Applications to date 3--------------Count: 1863462</message>
  <nestedLevel>1</nestedLevel>
</record>
<record>
  <date>2019-03-29T12:27:42</date>
  <millis>1553876862877</millis>
  <sequence>61</sequence>
  <level>PASSED</level>
  <class>com.kms.katalon.core.logging.XmlKeywordLogger</class>
  <method>logMessage</method>
  <thread>1</thread>
  <message>Statistic:3 Change reports started in the month 4--------------Count: 35693</message>
  <nestedLevel>1</nestedLevel>
</record>
<record>
  <date>2019-03-29T12:27:42</date>
  <millis>1553876862953</millis>
  <sequence>62</sequence>
  <level>PASSED</level>
  <class>com.kms.katalon.core.logging.XmlKeywordLogger</class>
  <method>logMessage</method>
  <thread>1</thread>
  <message>Statistic:4 Change reports to date 5--------------Count: 1910847</message>
  <nestedLevel>1</nestedLevel>
</record>
<record>
  <date>2019-03-29T12:27:43</date>
  <millis>1553876863027</millis>
  <sequence>63</sequence>
  <level>PASSED</level>
  <class>com.kms.katalon.core.logging.XmlKeywordLogger</class>
  <method>logMessage</method>
  <thread>1</thread>
  <message>Statistic:5 ELE applications started in a month 6--------------Count: 16</message>
  <nestedLevel>1</nestedLevel>
</record>
<record>
  <date>2019-03-29T12:27:43</date>
  <millis>1553876863115</millis>
  <sequence>64</sequence>
  <level>PASSED</level>
  <class>com.kms.katalon.core.logging.XmlKeywordLogger</class>
  <method>logMessage</method>
  <thread>1</thread>
  <message>Statistic:6 ELE applications to date 7--------------Count: 787</message>
  <nestedLevel>1</nestedLevel>
</record>
<record>
  <date>2019-03-29T12:27:43</date>
  <millis>1553876863639</millis>
  <sequence>65</sequence>
  <level>PASSED</level>
  <class>com.kms.katalon.core.logging.XmlKeywordLogger</class>
  <method>logMessage</method>
  <thread>1</thread>
  <message>Report Name: ***************************************Monthly Total Of Users Accessing PEAK**********************************************************</message>
  <nestedLevel>1</nestedLevel>
</record>
<record>
  <date>2019-03-29T12:27:43</date>
  <millis>1553876863736</millis>
  <sequence>66</sequence>
  <level>PASSED</level>
  <class>com.kms.katalon.core.logging.XmlKeywordLogger</class>
  <method>logMessage</method>
  <thread>1</thread>
  <message>Statistic:1 Total number of times users logged on to a PEAK account--------------Count: 1</message>
  <nestedLevel>1</nestedLevel>
</record>
<record>
  <date>2019-03-29T12:27:43</date>
  <millis>1553876863805</millis>
  <sequence>67</sequence>
  <level>PASSED</level>
  <class>com.kms.katalon.core.logging.XmlKeywordLogger</class>
  <method>logMessage</method>
  <thread>1</thread>
  <message>Statistic:2 Number of distinct users who logged on to a PEAK account in the month--------------Count: 1</message>
  <nestedLevel>1</nestedLevel>
</record>
<record>
  <date>2019-03-29T12:27:45</date>
  <millis>1553876865052</millis>
  <sequence>68</sequence>
  <level>PASSED</level>
  <class>com.kms.katalon.core.logging.XmlKeywordLogger</class>
  <method>logMessage</method>
  <thread>1</thread>
  <message>Report Name: ***************************************Totals Per County**********************************************************</message>
  <nestedLevel>1</nestedLevel>
</record>
<record>
  <date>2019-03-29T12:27:45</date>
  <millis>1553876865346</millis>
  <sequence>69</sequence>
  <level>PASSED</level>
  <class>com.kms.katalon.core.logging.XmlKeywordLogger</class>
  <method>logMessage</method>
  <thread>1</thread>
  <message>Row:1*******Adams-------405--------1941--------148377--------4258--------205735</message>
  <nestedLevel>1</nestedLevel>
</record>
<record>
  <date>2019-03-29T12:27:45</date>
  <millis>1553876865586</millis>
  <sequence>70</sequence>
  <level>PASSED</level>
  <class>com.kms.katalon.core.logging.XmlKeywordLogger</class>
  <method>logMessage</method>
  <thread>1</thread>
  <message>Row:2*******Alamosa-------18--------56--------3915--------98--------4133</message>
  <nestedLevel>1</nestedLevel>
</record>
<record>
  <date>2019-03-29T12:27:45</date>
  <millis>1553876865811</millis>
  <sequence>71</sequence>
  <level>PASSED</level>
  <class>com.kms.katalon.core.logging.XmlKeywordLogger</class>
  <method>logMessage</method>
  <thread>1</thread>
  <message>Row:3*******Arapahoe-------556--------2239--------202599--------4422--------242360</message>
  <nestedLevel>1</nestedLevel>
</record>
<record>
  <date>2019-03-29T12:27:46</date>
  <millis>1553876866025</millis>
  <sequence>72</sequence>
  <level>PASSED</level>
  <class>com.kms.katalon.core.logging.XmlKeywordLogger</class>
  <method>logMessage</method>
  <thread>1</thread>
  <message>Row:4*******Archuleta-------9--------22--------3428--------55--------4386</message>
  <nestedLevel>1</nestedLevel>
</record>
<record>
  <date>2019-03-29T12:27:46</date>
  <millis>1553876866246</millis>
  <sequence>73</sequence>
  <level>PASSED</level>
  <class>com.kms.katalon.core.logging.XmlKeywordLogger</class>
  <method>logMessage</method>
  <thread>1</thread>
  <message>Row:5*******Baca-------1--------6--------1213--------9--------636</message>
  <nestedLevel>1</nestedLevel>
</record>
<record>
  <date>2019-03-29T12:27:46</date>
  <millis>1553876866483</millis>
  <sequence>74</sequence>
  <level>PASSED</level>
  <class>com.kms.katalon.core.logging.XmlKeywordLogger</class>
  <method>logMessage</method>
  <thread>1</thread>
  <message>Row:6*******Bent-------1--------12--------640--------17--------929</message>
  <nestedLevel>1</nestedLevel>
</record>
<record>
  <date>2019-03-29T12:27:46</date>
  <millis>1553876866753</millis>
  <sequence>75</sequence>
  <level>PASSED</level>
  <class>com.kms.katalon.core.logging.XmlKeywordLogger</class>
  <method>logMessage</method>
  <thread>1</thread>
  <message>Row:7*******Boulder-------236--------644--------76943--------1632--------93569</message>
  <nestedLevel>1</nestedLevel>
</record>
<record>
  <date>2019-03-29T12:27:47</date>
  <millis>1553876867053</millis>
  <sequence>76</sequence>
  <level>PASSED</level>
  <class>com.kms.katalon.core.logging.XmlKeywordLogger</class>
  <method>logMessage</method>
  <thread>1</thread>
  <message>Row:8*******Broomfield-------56--------106--------12114--------255--------13244</message>
  <nestedLevel>1</nestedLevel>
</record>
<record>
  <date>2019-03-29T12:27:47</date>
  <millis>1553876867382</millis>
  <sequence>77</sequence>
  <level>PASSED</level>
  <class>com.kms.katalon.core.logging.XmlKeywordLogger</class>
  <method>logMessage</method>
  <thread>1</thread>
  <message>Row:9*******Chaffee-------18--------57--------4694--------95--------4701</message>
  <nestedLevel>1</nestedLevel>
</record>
<record>
  <date>2019-03-29T12:27:47</date>
  <millis>1553876867643</millis>
  <sequence>78</sequence>
  <level>PASSED</level>
  <class>com.kms.katalon.core.logging.XmlKeywordLogger</class>
  <method>logMessage</method>
  <thread>1</thread>
  <message>Row:10*******Cheyenne-------2--------2--------284--------3--------254</message>
  <nestedLevel>1</nestedLevel>
</record>
<record>
  <date>2019-03-29T12:27:47</date>
  <millis>1553876867886</millis>
  <sequence>79</sequence>
  <level>PASSED</level>
  <class>com.kms.katalon.core.logging.XmlKeywordLogger</class>
  <method>logMessage</method>
  <thread>1</thread>
  <message>Row:11*******Clear Creek-------11--------20--------2056--------12--------1860</message>
  <nestedLevel>1</nestedLevel>
</record>
<record>
  <date>2019-03-29T12:27:48</date>
  <millis>1553876868140</millis>
  <sequence>80</sequence>
  <level>PASSED</level>
  <class>com.kms.katalon.core.logging.XmlKeywordLogger</class>
  <method>logMessage</method>
  <thread>1</thread>
  <message>Row:12*******Conejos-------8--------18--------1384--------42--------1739</message>
  <nestedLevel>1</nestedLevel>
</record>
<record>
  <date>2019-03-29T12:27:48</date>
  <millis>1553876868424</millis>
  <sequence>81</sequence>
  <level>PASSED</level>
  <class>com.kms.katalon.core.logging.XmlKeywordLogger</class>
  <method>logMessage</method>
  <thread>1</thread>
  <message>Row:13*******Costilla-------1--------8--------664--------27--------779</message>
  <nestedLevel>1</nestedLevel>
</record>
<record>
  <date>2019-03-29T12:27:48</date>
  <millis>1553876868721</millis>
  <sequence>82</sequence>
  <level>PASSED</level>
  <class>com.kms.katalon.core.logging.XmlKeywordLogger</class>
  <method>logMessage</method>
  <thread>1</thread>
  <message>Row:14*******Crowley-------3--------4--------1050--------6--------429</message>
  <nestedLevel>1</nestedLevel>
</record>
<record>
  <date>2019-03-29T12:27:48</date>
  <millis>1553876868969</millis>
  <sequence>83</sequence>
  <level>PASSED</level>
  <class>com.kms.katalon.core.logging.XmlKeywordLogger</class>
  <method>logMessage</method>
  <thread>1</thread>
  <message>Row:15*******Custer-------3--------8--------923--------10--------923</message>
  <nestedLevel>1</nestedLevel>
</record>
<record>
  <date>2019-03-29T12:27:49</date>
  <millis>1553876869257</millis>
  <sequence>84</sequence>
  <level>PASSED</level>
  <class>com.kms.katalon.core.logging.XmlKeywordLogger</class>
  <method>logMessage</method>
  <thread>1</thread>
  <message>Row:16*******Delta-------28--------92--------6789--------245--------10187</message>
  <nestedLevel>1</nestedLevel>
</record>
<record>
  <date>2019-03-29T12:27:49</date>
  <millis>1553876869591</millis>
  <sequence>85</sequence>
  <level>PASSED</level>
  <class>com.kms.katalon.core.logging.XmlKeywordLogger</class>
  <method>logMessage</method>
  <thread>1</thread>
  <message>Row:17*******Denver-------739--------2460--------206255--------4795--------238612</message>
  <nestedLevel>1</nestedLevel>
</record>
<record>
  <date>2019-03-29T12:27:49</date>
  <millis>1553876869836</millis>
  <sequence>86</sequence>
  <level>PASSED</level>
  <class>com.kms.katalon.core.logging.XmlKeywordLogger</class>
  <method>logMessage</method>
  <thread>1</thread>
  <message>Row:18*******Dolores-------1--------6--------601--------6--------688</message>
  <nestedLevel>1</nestedLevel>
</record>
<record>
  <date>2019-03-29T12:27:50</date>
  <millis>1553876870203</millis>
  <sequence>87</sequence>
  <level>PASSED</level>
  <class>com.kms.katalon.core.logging.XmlKeywordLogger</class>
  <method>logMessage</method>
  <thread>1</thread>
  <message>Row:19*******Douglas-------162--------421--------43678--------968--------58365</message>
  <nestedLevel>1</nestedLevel>
</record>
<record>
  <date>2019-03-29T12:27:50</date>
  <millis>1553876870481</millis>
  <sequence>88</sequence>
  <level>PASSED</level>
  <class>com.kms.katalon.core.logging.XmlKeywordLogger</class>
  <method>logMessage</method>
  <thread>1</thread>
  <message>Row:20*******Eagle-------24--------74--------11923--------152--------11809</message>
  <nestedLevel>1</nestedLevel>
</record>
<record>
  <date>2019-03-29T12:27:50</date>
  <millis>1553876870739</millis>
  <sequence>89</sequence>
  <level>PASSED</level>
  <class>com.kms.katalon.core.logging.XmlKeywordLogger</class>
  <method>logMessage</method>
  <thread>1</thread>
  <message>Row:21*******El Paso-------846--------3158--------197606--------6783--------266872</message>
  <nestedLevel>1</nestedLevel>
</record>
<record>
  <date>2019-03-29T12:27:50</date>
  <millis>1553876870994</millis>
  <sequence>90</sequence>
  <level>PASSED</level>
  <class>com.kms.katalon.core.logging.XmlKeywordLogger</class>
  <method>logMessage</method>
  <thread>1</thread>
  <message>Row:22*******Elbert-------14--------34--------3656--------87--------4132</message>
  <nestedLevel>1</nestedLevel>
</record>
<record>
  <date>2019-03-29T12:27:51</date>
  <millis>1553876871268</millis>
  <sequence>91</sequence>
  <level>PASSED</level>
  <class>com.kms.katalon.core.logging.XmlKeywordLogger</class>
  <method>logMessage</method>
  <thread>1</thread>
  <message>Row:23*******Fremont-------49--------112--------7775--------256--------9038</message>
  <nestedLevel>1</nestedLevel>
</record>
<record>
  <date>2019-03-29T12:27:51</date>
  <millis>1553876871537</millis>
  <sequence>92</sequence>
  <level>PASSED</level>
  <class>com.kms.katalon.core.logging.XmlKeywordLogger</class>
  <method>logMessage</method>
  <thread>1</thread>
  <message>Row:24*******Garfield-------42--------155--------16496--------287--------16897</message>
  <nestedLevel>1</nestedLevel>
</record>
<record>
  <date>2019-03-29T12:27:51</date>
  <millis>1553876871821</millis>
  <sequence>93</sequence>
  <level>PASSED</level>
  <class>com.kms.katalon.core.logging.XmlKeywordLogger</class>
  <method>logMessage</method>
  <thread>1</thread>
  <message>Row:25*******Gilpin-------8--------14--------1349--------29--------1385</message>
  <nestedLevel>1</nestedLevel>
</record>
<record>
  <date>2019-03-29T12:27:52</date>
  <millis>1553876872109</millis>
  <sequence>94</sequence>
  <level>PASSED</level>
  <class>com.kms.katalon.core.logging.XmlKeywordLogger</class>
  <method>logMessage</method>
  <thread>1</thread>
  <message>Row:26*******Grand-------20--------35--------4117--------57--------4058</message>
  <nestedLevel>1</nestedLevel>
</record>
<record>
  <date>2019-03-29T12:27:52</date>
  <millis>1553876872403</millis>
  <sequence>95</sequence>
  <level>PASSED</level>
  <class>com.kms.katalon.core.logging.XmlKeywordLogger</class>
  <method>logMessage</method>
  <thread>1</thread>
  <message>Row:27*******Gunnison-------10--------34--------5929--------58--------5359</message>
  <nestedLevel>1</nestedLevel>
</record>
<record>
  <date>2019-03-29T12:27:52</date>
  <millis>1553876872673</millis>
  <sequence>96</sequence>
  <level>PASSED</level>
  <class>com.kms.katalon.core.logging.XmlKeywordLogger</class>
  <method>logMessage</method>
  <thread>1</thread>
  <message>Row:28*******Hinsdale-------1--------0--------220--------0--------218</message>
  <nestedLevel>1</nestedLevel>
</record>
<record>
  <date>2019-03-29T12:27:52</date>
  <millis>1553876872949</millis>
  <sequence>97</sequence>
  <level>PASSED</level>
  <class>com.kms.katalon.core.logging.XmlKeywordLogger</class>
  <method>logMessage</method>
  <thread>1</thread>
  <message>Row:29*******Huerfano-------1--------20--------1440--------27--------1374</message>
  <nestedLevel>1</nestedLevel>
</record>
<record>
  <date>2019-03-29T12:27:53</date>
  <millis>1553876873243</millis>
  <sequence>98</sequence>
  <level>PASSED</level>
  <class>com.kms.katalon.core.logging.XmlKeywordLogger</class>
  <method>logMessage</method>
  <thread>1</thread>
  <message>Row:30*******Jackson-------1--------2--------316--------7--------259</message>
  <nestedLevel>1</nestedLevel>
</record>
<record>
  <date>2019-03-29T12:27:53</date>
  <millis>1553876873519</millis>
  <sequence>99</sequence>
  <level>PASSED</level>
  <class>com.kms.katalon.core.logging.XmlKeywordLogger</class>
  <method>logMessage</method>
  <thread>1</thread>
  <message>Row:31*******Jefferson-------397--------1340--------131382--------3226--------152450</message>
  <nestedLevel>1</nestedLevel>
</record>
<record>
  <date>2019-03-29T12:27:53</date>
  <millis>1553876873848</millis>
  <sequence>100</sequence>
  <level>PASSED</level>
  <class>com.kms.katalon.core.logging.XmlKeywordLogger</class>
  <method>logMessage</method>
  <thread>1</thread>
  <message>Row:32*******Kiowa-------0--------2--------875--------8--------229</message>
  <nestedLevel>1</nestedLevel>
</record>
<record>
  <date>2019-03-29T12:27:54</date>
  <millis>1553876874144</millis>
  <sequence>101</sequence>
  <level>PASSED</level>
  <class>com.kms.katalon.core.logging.XmlKeywordLogger</class>
  <method>logMessage</method>
  <thread>1</thread>
  <message>Row:33*******Kit Carson-------4--------16--------1342--------36--------1693</message>
  <nestedLevel>1</nestedLevel>
</record>
<record>
  <date>2019-03-29T12:27:54</date>
  <millis>1553876874407</millis>
  <sequence>102</sequence>
  <level>PASSED</level>
  <class>com.kms.katalon.core.logging.XmlKeywordLogger</class>
  <method>logMessage</method>
  <thread>1</thread>
  <message>Row:34*******La Plata-------69--------153--------15752--------326--------18190</message>
  <nestedLevel>1</nestedLevel>
</record>
<record>
  <date>2019-03-29T12:27:54</date>
  <millis>1553876874676</millis>
  <sequence>103</sequence>
  <level>PASSED</level>
  <class>com.kms.katalon.core.logging.XmlKeywordLogger</class>
  <method>logMessage</method>
  <thread>1</thread>
  <message>Row:35*******Lake-------3--------8--------1919--------19--------2332</message>
  <nestedLevel>1</nestedLevel>
</record>
<record>
  <date>2019-03-29T12:27:54</date>
  <millis>1553876874938</millis>
  <sequence>104</sequence>
  <level>PASSED</level>
  <class>com.kms.katalon.core.logging.XmlKeywordLogger</class>
  <method>logMessage</method>
  <thread>1</thread>
  <message>Row:36*******Larimer-------291--------935--------82940--------1942--------106163</message>
  <nestedLevel>1</nestedLevel>
</record>
<record>
  <date>2019-03-29T12:27:55</date>
  <millis>1553876875227</millis>
  <sequence>105</sequence>
  <level>PASSED</level>
  <class>com.kms.katalon.core.logging.XmlKeywordLogger</class>
  <method>logMessage</method>
  <thread>1</thread>
  <message>Row:37*******Las Animas-------14--------42--------3048--------84--------5147</message>
  <nestedLevel>1</nestedLevel>
</record>
<record>
  <date>2019-03-29T12:27:55</date>
  <millis>1553876875497</millis>
  <sequence>106</sequence>
  <level>PASSED</level>
  <class>com.kms.katalon.core.logging.XmlKeywordLogger</class>
  <method>logMessage</method>
  <thread>1</thread>
  <message>Row:38*******Lincoln-------4--------15--------1030--------31--------1052</message>
  <nestedLevel>1</nestedLevel>
</record>
<record>
  <date>2019-03-29T12:27:55</date>
  <millis>1553876875789</millis>
  <sequence>107</sequence>
  <level>PASSED</level>
  <class>com.kms.katalon.core.logging.XmlKeywordLogger</class>
  <method>logMessage</method>
  <thread>1</thread>
  <message>Row:39*******Logan-------10--------51--------4052--------79--------3273</message>
  <nestedLevel>1</nestedLevel>
</record>
<record>
  <date>2019-03-29T12:27:56</date>
  <millis>1553876876076</millis>
  <sequence>108</sequence>
  <level>PASSED</level>
  <class>com.kms.katalon.core.logging.XmlKeywordLogger</class>
  <method>logMessage</method>
  <thread>1</thread>
  <message>Row:40*******Mesa-------148--------489--------36288--------882--------44280</message>
  <nestedLevel>1</nestedLevel>
</record>
<record>
  <date>2019-03-29T12:27:56</date>
  <millis>1553876876326</millis>
  <sequence>109</sequence>
  <level>PASSED</level>
  <class>com.kms.katalon.core.logging.XmlKeywordLogger</class>
  <method>logMessage</method>
  <thread>1</thread>
  <message>Row:41*******Mineral-------0--------1--------299--------3--------270</message>
  <nestedLevel>1</nestedLevel>
</record>
<record>
  <date>2019-03-29T12:27:56</date>
  <millis>1553876876654</millis>
  <sequence>110</sequence>
  <level>PASSED</level>
  <class>com.kms.katalon.core.logging.XmlKeywordLogger</class>
  <method>logMessage</method>
  <thread>1</thread>
  <message>Row:42*******Moffatt-------9--------50--------3105--------101--------4338</message>
  <nestedLevel>1</nestedLevel>
</record>
<record>
  <date>2019-03-29T12:27:56</date>
  <millis>1553876876930</millis>
  <sequence>111</sequence>
  <level>PASSED</level>
  <class>com.kms.katalon.core.logging.XmlKeywordLogger</class>
  <method>logMessage</method>
  <thread>1</thread>
  <message>Row:43*******Montezuma-------19--------70--------6791--------167--------7667</message>
  <nestedLevel>1</nestedLevel>
</record>
<record>
  <date>2019-03-29T12:27:57</date>
  <millis>1553876877229</millis>
  <sequence>112</sequence>
  <level>PASSED</level>
  <class>com.kms.katalon.core.logging.XmlKeywordLogger</class>
  <method>logMessage</method>
  <thread>1</thread>
  <message>Row:44*******Montrose-------25--------68--------7828--------114--------9391</message>
  <nestedLevel>1</nestedLevel>
</record>
<record>
  <date>2019-03-29T12:27:57</date>
  <millis>1553876877561</millis>
  <sequence>113</sequence>
  <level>PASSED</level>
  <class>com.kms.katalon.core.logging.XmlKeywordLogger</class>
  <method>logMessage</method>
  <thread>1</thread>
  <message>Row:45*******Morgan-------11--------75--------5046--------115--------5107</message>
  <nestedLevel>1</nestedLevel>
</record>
<record>
  <date>2019-03-29T12:27:57</date>
  <millis>1553876877841</millis>
  <sequence>114</sequence>
  <level>PASSED</level>
  <class>com.kms.katalon.core.logging.XmlKeywordLogger</class>
  <method>logMessage</method>
  <thread>1</thread>
  <message>Row:46*******Otero-------8--------33--------3355--------106--------3661</message>
  <nestedLevel>1</nestedLevel>
</record>
<record>
  <date>2019-03-29T12:27:58</date>
  <millis>1553876878131</millis>
  <sequence>115</sequence>
  <level>PASSED</level>
  <class>com.kms.katalon.core.logging.XmlKeywordLogger</class>
  <method>logMessage</method>
  <thread>1</thread>
  <message>Row:47*******Ouray-------1--------0--------1324--------11--------1385</message>
  <nestedLevel>1</nestedLevel>
</record>
<record>
  <date>2019-03-29T12:27:58</date>
  <millis>1553876878413</millis>
  <sequence>116</sequence>
  <level>PASSED</level>
  <class>com.kms.katalon.core.logging.XmlKeywordLogger</class>
  <method>logMessage</method>
  <thread>1</thread>
  <message>Row:48*******Park-------10--------46--------3621--------67--------3846</message>
  <nestedLevel>1</nestedLevel>
</record>
<record>
  <date>2019-03-29T12:27:58</date>
  <millis>1553876878723</millis>
  <sequence>117</sequence>
  <level>PASSED</level>
  <class>com.kms.katalon.core.logging.XmlKeywordLogger</class>
  <method>logMessage</method>
  <thread>1</thread>
  <message>Row:49*******Phillips-------1--------6--------513--------9--------451</message>
  <nestedLevel>1</nestedLevel>
</record>
<record>
  <date>2019-03-29T12:27:59</date>
  <millis>1553876879011</millis>
  <sequence>118</sequence>
  <level>PASSED</level>
  <class>com.kms.katalon.core.logging.XmlKeywordLogger</class>
  <method>logMessage</method>
  <thread>1</thread>
  <message>Row:50*******Pitkin-------5--------13--------5137--------35--------4760</message>
  <nestedLevel>1</nestedLevel>
</record>
<record>
  <date>2019-03-29T12:27:59</date>
  <millis>1553876879291</millis>
  <sequence>119</sequence>
  <level>PASSED</level>
  <class>com.kms.katalon.core.logging.XmlKeywordLogger</class>
  <method>logMessage</method>
  <thread>1</thread>
  <message>Row:51*******Prowers-------10--------32--------1964--------49--------2518</message>
  <nestedLevel>1</nestedLevel>
</record>
<record>
  <date>2019-03-29T12:27:59</date>
  <millis>1553876879575</millis>
  <sequence>120</sequence>
  <level>PASSED</level>
  <class>com.kms.katalon.core.logging.XmlKeywordLogger</class>
  <method>logMessage</method>
  <thread>1</thread>
  <message>Row:52*******Pueblo-------156--------601--------37014--------1371--------52219</message>
  <nestedLevel>1</nestedLevel>
</record>
<record>
  <date>2019-03-29T12:27:59</date>
  <millis>1553876879857</millis>
  <sequence>121</sequence>
  <level>PASSED</level>
  <class>com.kms.katalon.core.logging.XmlKeywordLogger</class>
  <method>logMessage</method>
  <thread>1</thread>
  <message>Row:53*******Rio Blanco-------6--------7--------735--------24--------731</message>
  <nestedLevel>1</nestedLevel>
</record>
<record>
  <date>2019-03-29T12:28:00</date>
  <millis>1553876880239</millis>
  <sequence>122</sequence>
  <level>PASSED</level>
  <class>com.kms.katalon.core.logging.XmlKeywordLogger</class>
  <method>logMessage</method>
  <thread>1</thread>
  <message>Row:54*******Rio Grande-------12--------32--------2534--------68--------2457</message>
  <nestedLevel>1</nestedLevel>
</record>
<record>
  <date>2019-03-29T12:28:00</date>
  <millis>1553876880513</millis>
  <sequence>123</sequence>
  <level>PASSED</level>
  <class>com.kms.katalon.core.logging.XmlKeywordLogger</class>
  <method>logMessage</method>
  <thread>1</thread>
  <message>Row:55*******Routt-------17--------31--------7793--------84--------8337</message>
  <nestedLevel>1</nestedLevel>
</record>
<record>
  <date>2019-03-29T12:28:00</date>
  <millis>1553876880785</millis>
  <sequence>124</sequence>
  <level>PASSED</level>
  <class>com.kms.katalon.core.logging.XmlKeywordLogger</class>
  <method>logMessage</method>
  <thread>1</thread>
  <message>Row:56*******Saguache-------7--------21--------1934--------56--------2493</message>
  <nestedLevel>1</nestedLevel>
</record>
<record>
  <date>2019-03-29T12:28:01</date>
  <millis>1553876881068</millis>
  <sequence>125</sequence>
  <level>PASSED</level>
  <class>com.kms.katalon.core.logging.XmlKeywordLogger</class>
  <method>logMessage</method>
  <thread>1</thread>
  <message>Row:57*******San Juan-------2--------1--------295--------0--------332</message>
  <nestedLevel>1</nestedLevel>
</record>
<record>
  <date>2019-03-29T12:28:01</date>
  <millis>1553876881353</millis>
  <sequence>126</sequence>
  <level>PASSED</level>
  <class>com.kms.katalon.core.logging.XmlKeywordLogger</class>
  <method>logMessage</method>
  <thread>1</thread>
  <message>Row:58*******San Miguel-------3--------12--------2871--------42--------2674</message>
  <nestedLevel>1</nestedLevel>
</record>
<record>
  <date>2019-03-29T12:28:01</date>
  <millis>1553876881658</millis>
  <sequence>127</sequence>
  <level>PASSED</level>
  <class>com.kms.katalon.core.logging.XmlKeywordLogger</class>
  <method>logMessage</method>
  <thread>1</thread>
  <message>Row:59*******Sedgwick-------1--------2--------359--------21--------436</message>
  <nestedLevel>1</nestedLevel>
</record>
<record>
  <date>2019-03-29T12:28:01</date>
  <millis>1553876881954</millis>
  <sequence>128</sequence>
  <level>PASSED</level>
  <class>com.kms.katalon.core.logging.XmlKeywordLogger</class>
  <method>logMessage</method>
  <thread>1</thread>
  <message>Row:60*******Summit-------22--------42--------9621--------102--------9287</message>
  <nestedLevel>1</nestedLevel>
</record>
<record>
  <date>2019-03-29T12:28:02</date>
  <millis>1553876882229</millis>
  <sequence>129</sequence>
  <level>PASSED</level>
  <class>com.kms.katalon.core.logging.XmlKeywordLogger</class>
  <method>logMessage</method>
  <thread>1</thread>
  <message>Row:61*******Teller-------26--------56--------4274--------146--------5374</message>
  <nestedLevel>1</nestedLevel>
</record>
<record>
  <date>2019-03-29T12:28:02</date>
  <millis>1553876882530</millis>
  <sequence>130</sequence>
  <level>PASSED</level>
  <class>com.kms.katalon.core.logging.XmlKeywordLogger</class>
  <method>logMessage</method>
  <thread>1</thread>
  <message>Row:62*******Washington-------2--------7--------833--------12--------857</message>
  <nestedLevel>1</nestedLevel>
</record>
<record>
  <date>2019-03-29T12:28:02</date>
  <millis>1553876882864</millis>
  <sequence>131</sequence>
  <level>PASSED</level>
  <class>com.kms.katalon.core.logging.XmlKeywordLogger</class>
  <method>logMessage</method>
  <thread>1</thread>
  <message>Row:63*******Weld-------232--------736--------61024--------1638--------74018</message>
  <nestedLevel>1</nestedLevel>
</record>
<record>
  <date>2019-03-29T12:28:03</date>
  <millis>1553876883219</millis>
  <sequence>132</sequence>
  <level>PASSED</level>
  <class>com.kms.katalon.core.logging.XmlKeywordLogger</class>
  <method>logMessage</method>
  <thread>1</thread>
  <message>Row:64*******Yuma-------10--------15--------1675--------21--------1548</message>
  <nestedLevel>1</nestedLevel>
</record>
<record>
  <date>2019-03-29T12:28:05</date>
  <millis>1553876885683</millis>
  <sequence>133</sequence>
  <level>PASSED</level>
  <class>com.kms.katalon.core.logging.XmlKeywordLogger</class>
  <method>logMessage</method>
  <thread>1</thread>
  <message>Report Name: ***************************************Change Report Summary**********************************************************</message>
  <nestedLevel>1</nestedLevel>
</record>
<record>
  <date>2019-03-29T12:28:05</date>
  <millis>1553876885710</millis>
  <sequence>134</sequence>
  <level>PASSED</level>
  <class>com.kms.katalon.core.logging.XmlKeywordLogger</class>
  <method>logMessage</method>
  <thread>1</thread>
  <message>*******************************************************Monthly Reports**********************************************************</message>
  <nestedLevel>1</nestedLevel>
</record>
<record>
  <date>2019-03-29T12:28:05</date>
  <millis>1553876885773</millis>
  <sequence>135</sequence>
  <level>PASSED</level>
  <class>com.kms.katalon.core.logging.XmlKeywordLogger</class>
  <method>logMessage</method>
  <thread>1</thread>
  <message>February2019</message>
  <nestedLevel>1</nestedLevel>
</record>
<record>
  <date>2019-03-29T12:28:05</date>
  <millis>1553876885829</millis>
  <sequence>136</sequence>
  <level>PASSED</level>
  <class>com.kms.katalon.core.logging.XmlKeywordLogger</class>
  <method>logMessage</method>
  <thread>1</thread>
  <message>January2019</message>
  <nestedLevel>1</nestedLevel>
</record>
<record>
  <date>2019-03-29T12:28:05</date>
  <millis>1553876885888</millis>
  <sequence>137</sequence>
  <level>PASSED</level>
  <class>com.kms.katalon.core.logging.XmlKeywordLogger</class>
  <method>logMessage</method>
  <thread>1</thread>
  <message>December2018</message>
  <nestedLevel>1</nestedLevel>
</record>
<record>
  <date>2019-03-29T12:28:05</date>
  <millis>1553876885942</millis>
  <sequence>138</sequence>
  <level>PASSED</level>
  <class>com.kms.katalon.core.logging.XmlKeywordLogger</class>
  <method>logMessage</method>
  <thread>1</thread>
  <message>November2018</message>
  <nestedLevel>1</nestedLevel>
</record>
<record>
  <date>2019-03-29T12:28:05</date>
  <millis>1553876885997</millis>
  <sequence>139</sequence>
  <level>PASSED</level>
  <class>com.kms.katalon.core.logging.XmlKeywordLogger</class>
  <method>logMessage</method>
  <thread>1</thread>
  <message>October2018</message>
  <nestedLevel>1</nestedLevel>
</record>
<record>
  <date>2019-03-29T12:28:05</date>
  <millis>1553876885998</millis>
  <sequence>140</sequence>
  <level>PASSED</level>
  <class>com.kms.katalon.core.logging.XmlKeywordLogger</class>
  <method>logMessage</method>
  <thread>1</thread>
  <message>*******************************************************Yearly Reports**********************************************************</message>
  <nestedLevel>1</nestedLevel>
</record>
<record>
  <date>2019-03-29T12:28:06</date>
  <millis>1553876886070</millis>
  <sequence>141</sequence>
  <level>PASSED</level>
  <class>com.kms.katalon.core.logging.XmlKeywordLogger</class>
  <method>logMessage</method>
  <thread>1</thread>
  <message>2018</message>
  <nestedLevel>1</nestedLevel>
</record>
<record>
  <date>2019-03-29T12:28:06</date>
  <millis>1553876886113</millis>
  <sequence>142</sequence>
  <level>PASSED</level>
  <class>com.kms.katalon.core.logging.XmlKeywordLogger</class>
  <method>logMessage</method>
  <thread>1</thread>
  <message>2017</message>
  <nestedLevel>1</nestedLevel>
</record>
<record>
  <date>2019-03-29T12:28:06</date>
  <millis>1553876886163</millis>
  <sequence>143</sequence>
  <level>PASSED</level>
  <class>com.kms.katalon.core.logging.XmlKeywordLogger</class>
  <method>logMessage</method>
  <thread>1</thread>
  <message>2016</message>
  <nestedLevel>1</nestedLevel>
</record>
<record>
  <date>2019-03-29T12:28:06</date>
  <millis>1553876886200</millis>
  <sequence>144</sequence>
  <level>PASSED</level>
  <class>com.kms.katalon.core.logging.XmlKeywordLogger</class>
  <method>logMessage</method>
  <thread>1</thread>
  <message>2015</message>
  <nestedLevel>1</nestedLevel>
</record>
<record>
  <date>2019-03-29T12:28:06</date>
  <millis>1553876886244</millis>
  <sequence>145</sequence>
  <level>PASSED</level>
  <class>com.kms.katalon.core.logging.XmlKeywordLogger</class>
  <method>logMessage</method>
  <thread>1</thread>
  <message>2014</message>
  <nestedLevel>1</nestedLevel>
</record>
<record>
  <date>2019-03-29T12:28:07</date>
  <millis>1553876887395</millis>
  <sequence>146</sequence>
  <level>PASSED</level>
  <class>com.kms.katalon.core.logging.XmlKeywordLogger</class>
  <method>logMessage</method>
  <thread>1</thread>
  <message>Report Name: ***************************************AFB Report Summary**********************************************************</message>
  <nestedLevel>1</nestedLevel>
</record>
<record>
  <date>2019-03-29T12:28:07</date>
  <millis>1553876887408</millis>
  <sequence>147</sequence>
  <level>PASSED</level>
  <class>com.kms.katalon.core.logging.XmlKeywordLogger</class>
  <method>logMessage</method>
  <thread>1</thread>
  <message>*******************************************************Monthly Reports**********************************************************</message>
  <nestedLevel>1</nestedLevel>
</record>
<record>
  <date>2019-03-29T12:28:07</date>
  <millis>1553876887453</millis>
  <sequence>148</sequence>
  <level>PASSED</level>
  <class>com.kms.katalon.core.logging.XmlKeywordLogger</class>
  <method>logMessage</method>
  <thread>1</thread>
  <message>February2019</message>
  <nestedLevel>1</nestedLevel>
</record>
<record>
  <date>2019-03-29T12:28:07</date>
  <millis>1553876887508</millis>
  <sequence>149</sequence>
  <level>PASSED</level>
  <class>com.kms.katalon.core.logging.XmlKeywordLogger</class>
  <method>logMessage</method>
  <thread>1</thread>
  <message>January2019</message>
  <nestedLevel>1</nestedLevel>
</record>
<record>
  <date>2019-03-29T12:28:07</date>
  <millis>1553876887557</millis>
  <sequence>150</sequence>
  <level>PASSED</level>
  <class>com.kms.katalon.core.logging.XmlKeywordLogger</class>
  <method>logMessage</method>
  <thread>1</thread>
  <message>December2018</message>
  <nestedLevel>1</nestedLevel>
</record>
<record>
  <date>2019-03-29T12:28:07</date>
  <millis>1553876887616</millis>
  <sequence>151</sequence>
  <level>PASSED</level>
  <class>com.kms.katalon.core.logging.XmlKeywordLogger</class>
  <method>logMessage</method>
  <thread>1</thread>
  <message>November2018</message>
  <nestedLevel>1</nestedLevel>
</record>
<record>
  <date>2019-03-29T12:28:07</date>
  <millis>1553876887667</millis>
  <sequence>152</sequence>
  <level>PASSED</level>
  <class>com.kms.katalon.core.logging.XmlKeywordLogger</class>
  <method>logMessage</method>
  <thread>1</thread>
  <message>October2018</message>
  <nestedLevel>1</nestedLevel>
</record>
<record>
  <date>2019-03-29T12:28:07</date>
  <millis>1553876887668</millis>
  <sequence>153</sequence>
  <level>PASSED</level>
  <class>com.kms.katalon.core.logging.XmlKeywordLogger</class>
  <method>logMessage</method>
  <thread>1</thread>
  <message>*******************************************************AFB Reports by Year**********************************************************</message>
  <nestedLevel>1</nestedLevel>
</record>
<record>
  <date>2019-03-29T12:28:07</date>
  <millis>1553876887745</millis>
  <sequence>154</sequence>
  <level>PASSED</level>
  <class>com.kms.katalon.core.logging.XmlKeywordLogger</class>
  <method>logMessage</method>
  <thread>1</thread>
  <message>2018</message>
  <nestedLevel>1</nestedLevel>
</record>
<record>
  <date>2019-03-29T12:28:07</date>
  <millis>1553876887790</millis>
  <sequence>155</sequence>
  <level>PASSED</level>
  <class>com.kms.katalon.core.logging.XmlKeywordLogger</class>
  <method>logMessage</method>
  <thread>1</thread>
  <message>2017</message>
  <nestedLevel>1</nestedLevel>
</record>
<record>
  <date>2019-03-29T12:28:07</date>
  <millis>1553876887828</millis>
  <sequence>156</sequence>
  <level>PASSED</level>
  <class>com.kms.katalon.core.logging.XmlKeywordLogger</class>
  <method>logMessage</method>
  <thread>1</thread>
  <message>2016</message>
  <nestedLevel>1</nestedLevel>
</record>
<record>
  <date>2019-03-29T12:28:07</date>
  <millis>1553876887864</millis>
  <sequence>157</sequence>
  <level>PASSED</level>
  <class>com.kms.katalon.core.logging.XmlKeywordLogger</class>
  <method>logMessage</method>
  <thread>1</thread>
  <message>2015</message>
  <nestedLevel>1</nestedLevel>
</record>
<record>
  <date>2019-03-29T12:28:08</date>
  <millis>1553876888771</millis>
  <sequence>158</sequence>
  <level>PASSED</level>
  <class>com.kms.katalon.core.logging.XmlKeywordLogger</class>
  <method>logMessage</method>
  <thread>1</thread>
  <message>Report Name: ***************************************AFB Incomplete Pages**********************************************************</message>
  <nestedLevel>1</nestedLevel>
</record>
<record>
  <date>2019-03-29T12:28:08</date>
  <millis>1553876888791</millis>
  <sequence>159</sequence>
  <level>PASSED</level>
  <class>com.kms.katalon.core.logging.XmlKeywordLogger</class>
  <method>logMessage</method>
  <thread>1</thread>
  <message>*******************************************************Monthly Reports**********************************************************</message>
  <nestedLevel>1</nestedLevel>
</record>
<record>
  <date>2019-03-29T12:28:08</date>
  <millis>1553876888840</millis>
  <sequence>160</sequence>
  <level>PASSED</level>
  <class>com.kms.katalon.core.logging.XmlKeywordLogger</class>
  <method>logMessage</method>
  <thread>1</thread>
  <message>February2019</message>
  <nestedLevel>1</nestedLevel>
</record>
<record>
  <date>2019-03-29T12:28:08</date>
  <millis>1553876888889</millis>
  <sequence>161</sequence>
  <level>PASSED</level>
  <class>com.kms.katalon.core.logging.XmlKeywordLogger</class>
  <method>logMessage</method>
  <thread>1</thread>
  <message>January2019</message>
  <nestedLevel>1</nestedLevel>
</record>
<record>
  <date>2019-03-29T12:28:08</date>
  <millis>1553876888936</millis>
  <sequence>162</sequence>
  <level>PASSED</level>
  <class>com.kms.katalon.core.logging.XmlKeywordLogger</class>
  <method>logMessage</method>
  <thread>1</thread>
  <message>December2018</message>
  <nestedLevel>1</nestedLevel>
</record>
<record>
  <date>2019-03-29T12:28:08</date>
  <millis>1553876888985</millis>
  <sequence>163</sequence>
  <level>PASSED</level>
  <class>com.kms.katalon.core.logging.XmlKeywordLogger</class>
  <method>logMessage</method>
  <thread>1</thread>
  <message>November2018</message>
  <nestedLevel>1</nestedLevel>
</record>
<record>
  <date>2019-03-29T12:28:09</date>
  <millis>1553876889042</millis>
  <sequence>164</sequence>
  <level>PASSED</level>
  <class>com.kms.katalon.core.logging.XmlKeywordLogger</class>
  <method>logMessage</method>
  <thread>1</thread>
  <message>October2018</message>
  <nestedLevel>1</nestedLevel>
</record>
<record>
  <date>2019-03-29T12:28:09</date>
  <millis>1553876889042</millis>
  <sequence>165</sequence>
  <level>PASSED</level>
  <class>com.kms.katalon.core.logging.XmlKeywordLogger</class>
  <method>logMessage</method>
  <thread>1</thread>
  <message>*******************************************************Yearly Page Report**********************************************************</message>
  <nestedLevel>1</nestedLevel>
</record>
<record>
  <date>2019-03-29T12:28:09</date>
  <millis>1553876889128</millis>
  <sequence>166</sequence>
  <level>PASSED</level>
  <class>com.kms.katalon.core.logging.XmlKeywordLogger</class>
  <method>logMessage</method>
  <thread>1</thread>
  <message>2018</message>
  <nestedLevel>1</nestedLevel>
</record>
<record>
  <date>2019-03-29T12:28:09</date>
  <millis>1553876889189</millis>
  <sequence>167</sequence>
  <level>PASSED</level>
  <class>com.kms.katalon.core.logging.XmlKeywordLogger</class>
  <method>logMessage</method>
  <thread>1</thread>
  <message>2017</message>
  <nestedLevel>1</nestedLevel>
</record>
<record>
  <date>2019-03-29T12:28:09</date>
  <millis>1553876889241</millis>
  <sequence>168</sequence>
  <level>PASSED</level>
  <class>com.kms.katalon.core.logging.XmlKeywordLogger</class>
  <method>logMessage</method>
  <thread>1</thread>
  <message>2016</message>
  <nestedLevel>1</nestedLevel>
</record>
<record>
  <date>2019-03-29T12:28:09</date>
  <millis>1553876889300</millis>
  <sequence>169</sequence>
  <level>PASSED</level>
  <class>com.kms.katalon.core.logging.XmlKeywordLogger</class>
  <method>logMessage</method>
  <thread>1</thread>
  <message>2015</message>
  <nestedLevel>1</nestedLevel>
</record>
<record>
  <date>2019-03-29T12:28:09</date>
  <millis>1553876889340</millis>
  <sequence>170</sequence>
  <level>PASSED</level>
  <class>com.kms.katalon.core.logging.XmlKeywordLogger</class>
  <method>logMessage</method>
  <thread>1</thread>
  <message>2014</message>
  <nestedLevel>1</nestedLevel>
</record>
<record>
  <date>2019-03-29T12:28:09</date>
  <millis>1553876889380</millis>
  <sequence>171</sequence>
  <level>PASSED</level>
  <class>com.kms.katalon.core.logging.XmlKeywordLogger</class>
  <method>logMessage</method>
  <thread>1</thread>
  <message>2013</message>
  <nestedLevel>1</nestedLevel>
</record>
<record>
  <date>2019-03-29T12:28:10</date>
  <millis>1553876890199</millis>
  <sequence>172</sequence>
  <level>PASSED</level>
  <class>com.kms.katalon.core.logging.XmlKeywordLogger</class>
  <method>logMessage</method>
  <thread>1</thread>
  <message>Report Name: ***************************************Medical Card Requests**********************************************************</message>
  <nestedLevel>1</nestedLevel>
</record>
<record>
  <date>2019-03-29T12:28:10</date>
  <millis>1553876890216</millis>
  <sequence>173</sequence>
  <level>PASSED</level>
  <class>com.kms.katalon.core.logging.XmlKeywordLogger</class>
  <method>logMessage</method>
  <thread>1</thread>
  <message>*******************************************************Monthly Reports**********************************************************</message>
  <nestedLevel>1</nestedLevel>
</record>
<record>
  <date>2019-03-29T12:28:10</date>
  <millis>1553876890263</millis>
  <sequence>174</sequence>
  <level>PASSED</level>
  <class>com.kms.katalon.core.logging.XmlKeywordLogger</class>
  <method>logMessage</method>
  <thread>1</thread>
  <message>February</message>
  <nestedLevel>1</nestedLevel>
</record>
<record>
  <date>2019-03-29T12:28:10</date>
  <millis>1553876890311</millis>
  <sequence>175</sequence>
  <level>PASSED</level>
  <class>com.kms.katalon.core.logging.XmlKeywordLogger</class>
  <method>logMessage</method>
  <thread>1</thread>
  <message>January</message>
  <nestedLevel>1</nestedLevel>
</record>
<record>
  <date>2019-03-29T12:28:10</date>
  <millis>1553876890361</millis>
  <sequence>176</sequence>
  <level>PASSED</level>
  <class>com.kms.katalon.core.logging.XmlKeywordLogger</class>
  <method>logMessage</method>
  <thread>1</thread>
  <message>December</message>
  <nestedLevel>1</nestedLevel>
</record>
<record>
  <date>2019-03-29T12:28:10</date>
  <millis>1553876890398</millis>
  <sequence>177</sequence>
  <level>PASSED</level>
  <class>com.kms.katalon.core.logging.XmlKeywordLogger</class>
  <method>logMessage</method>
  <thread>1</thread>
  <message>November</message>
  <nestedLevel>1</nestedLevel>
</record>
<record>
  <date>2019-03-29T12:28:10</date>
  <millis>1553876890432</millis>
  <sequence>178</sequence>
  <level>PASSED</level>
  <class>com.kms.katalon.core.logging.XmlKeywordLogger</class>
  <method>logMessage</method>
  <thread>1</thread>
  <message>October</message>
  <nestedLevel>1</nestedLevel>
</record>
<record>
  <date>2019-03-29T12:28:10</date>
  <millis>1553876890490</millis>
  <sequence>179</sequence>
  <level>PASSED</level>
  <class>com.kms.katalon.core.logging.XmlKeywordLogger</class>
  <method>logMessage</method>
  <thread>1</thread>
  <message>September</message>
  <nestedLevel>1</nestedLevel>
</record>
<record>
  <date>2019-03-29T12:28:10</date>
  <millis>1553876890530</millis>
  <sequence>180</sequence>
  <level>PASSED</level>
  <class>com.kms.katalon.core.logging.XmlKeywordLogger</class>
  <method>logMessage</method>
  <thread>1</thread>
  <message>August</message>
  <nestedLevel>1</nestedLevel>
</record>
<record>
  <date>2019-03-29T12:28:10</date>
  <millis>1553876890570</millis>
  <sequence>181</sequence>
  <level>PASSED</level>
  <class>com.kms.katalon.core.logging.XmlKeywordLogger</class>
  <method>logMessage</method>
  <thread>1</thread>
  <message>July</message>
  <nestedLevel>1</nestedLevel>
</record>
<record>
  <date>2019-03-29T12:28:10</date>
  <millis>1553876890611</millis>
  <sequence>182</sequence>
  <level>PASSED</level>
  <class>com.kms.katalon.core.logging.XmlKeywordLogger</class>
  <method>logMessage</method>
  <thread>1</thread>
  <message>June</message>
  <nestedLevel>1</nestedLevel>
</record>
<record>
  <date>2019-03-29T12:28:10</date>
  <millis>1553876890649</millis>
  <sequence>183</sequence>
  <level>PASSED</level>
  <class>com.kms.katalon.core.logging.XmlKeywordLogger</class>
  <method>logMessage</method>
  <thread>1</thread>
  <message>May</message>
  <nestedLevel>1</nestedLevel>
</record>
<record>
  <date>2019-03-29T12:28:10</date>
  <millis>1553876890692</millis>
  <sequence>184</sequence>
  <level>PASSED</level>
  <class>com.kms.katalon.core.logging.XmlKeywordLogger</class>
  <method>logMessage</method>
  <thread>1</thread>
  <message>April</message>
  <nestedLevel>1</nestedLevel>
</record>
<record>
  <date>2019-03-29T12:28:10</date>
  <millis>1553876890736</millis>
  <sequence>185</sequence>
  <level>PASSED</level>
  <class>com.kms.katalon.core.logging.XmlKeywordLogger</class>
  <method>logMessage</method>
  <thread>1</thread>
  <message>March</message>
  <nestedLevel>1</nestedLevel>
</record>
<record>
  <date>2019-03-29T12:28:10</date>
  <millis>1553876890736</millis>
  <sequence>186</sequence>
  <level>PASSED</level>
  <class>com.kms.katalon.core.logging.XmlKeywordLogger</class>
  <method>logMessage</method>
  <thread>1</thread>
  <message>*******************************************************Yearly Reports**********************************************************</message>
  <nestedLevel>1</nestedLevel>
</record>
<record>
  <date>2019-03-29T12:28:10</date>
  <millis>1553876890798</millis>
  <sequence>187</sequence>
  <level>PASSED</level>
  <class>com.kms.katalon.core.logging.XmlKeywordLogger</class>
  <method>logMessage</method>
  <thread>1</thread>
  <message>2018</message>
  <nestedLevel>1</nestedLevel>
</record>
<record>
  <date>2019-03-29T12:28:10</date>
  <millis>1553876890832</millis>
  <sequence>188</sequence>
  <level>PASSED</level>
  <class>com.kms.katalon.core.logging.XmlKeywordLogger</class>
  <method>logMessage</method>
  <thread>1</thread>
  <message>2017</message>
  <nestedLevel>1</nestedLevel>
</record>
<record>
  <date>2019-03-29T12:28:11</date>
  <millis>1553876891545</millis>
  <sequence>189</sequence>
  <level>PASSED</level>
  <class>com.kms.katalon.core.logging.XmlKeywordLogger</class>
  <method>logMessage</method>
  <thread>1</thread>
  <message>Report Name: ***************************************Document Uploads Via PEAK**********************************************************</message>
  <nestedLevel>1</nestedLevel>
</record>
<record>
  <date>2019-03-29T12:28:11</date>
  <millis>1553876891557</millis>
  <sequence>190</sequence>
  <level>PASSED</level>
  <class>com.kms.katalon.core.logging.XmlKeywordLogger</class>
  <method>logMessage</method>
  <thread>1</thread>
  <message>*******************************************************Monthly Reports**********************************************************</message>
  <nestedLevel>1</nestedLevel>
</record>
<record>
  <date>2019-03-29T12:28:11</date>
  <millis>1553876891586</millis>
  <sequence>191</sequence>
  <level>PASSED</level>
  <class>com.kms.katalon.core.logging.XmlKeywordLogger</class>
  <method>logMessage</method>
  <thread>1</thread>
  <message>February-2019</message>
  <nestedLevel>1</nestedLevel>
</record>
<record>
  <date>2019-03-29T12:28:11</date>
  <millis>1553876891624</millis>
  <sequence>192</sequence>
  <level>PASSED</level>
  <class>com.kms.katalon.core.logging.XmlKeywordLogger</class>
  <method>logMessage</method>
  <thread>1</thread>
  <message>January-2019</message>
  <nestedLevel>1</nestedLevel>
</record>
<record>
  <date>2019-03-29T12:28:11</date>
  <millis>1553876891657</millis>
  <sequence>193</sequence>
  <level>PASSED</level>
  <class>com.kms.katalon.core.logging.XmlKeywordLogger</class>
  <method>logMessage</method>
  <thread>1</thread>
  <message>December-2018</message>
  <nestedLevel>1</nestedLevel>
</record>
<record>
  <date>2019-03-29T12:28:11</date>
  <millis>1553876891700</millis>
  <sequence>194</sequence>
  <level>PASSED</level>
  <class>com.kms.katalon.core.logging.XmlKeywordLogger</class>
  <method>logMessage</method>
  <thread>1</thread>
  <message>November-2018</message>
  <nestedLevel>1</nestedLevel>
</record>
<record>
  <date>2019-03-29T12:28:11</date>
  <millis>1553876891754</millis>
  <sequence>195</sequence>
  <level>PASSED</level>
  <class>com.kms.katalon.core.logging.XmlKeywordLogger</class>
  <method>logMessage</method>
  <thread>1</thread>
  <message>October-2018</message>
  <nestedLevel>1</nestedLevel>
</record>
<record>
  <date>2019-03-29T12:28:12</date>
  <millis>1553876892751</millis>
  <sequence>196</sequence>
  <level>PASSED</level>
  <class>com.kms.katalon.core.logging.XmlKeywordLogger</class>
  <method>logMessage</method>
  <thread>1</thread>
  <message>Report Name: ***************************************Voter Registration**********************************************************</message>
  <nestedLevel>1</nestedLevel>
</record>
<record>
  <date>2019-03-29T12:28:12</date>
  <millis>1553876892766</millis>
  <sequence>197</sequence>
  <level>PASSED</level>
  <class>com.kms.katalon.core.logging.XmlKeywordLogger</class>
  <method>logMessage</method>
  <thread>1</thread>
  <message>*******************************************************Monthly Reports**********************************************************</message>
  <nestedLevel>1</nestedLevel>
</record>
<record>
  <date>2019-03-29T12:28:12</date>
  <millis>1553876892819</millis>
  <sequence>198</sequence>
  <level>PASSED</level>
  <class>com.kms.katalon.core.logging.XmlKeywordLogger</class>
  <method>logMessage</method>
  <thread>1</thread>
  <message>February 2019</message>
  <nestedLevel>1</nestedLevel>
</record>
<record>
  <date>2019-03-29T12:28:12</date>
  <millis>1553876892859</millis>
  <sequence>199</sequence>
  <level>PASSED</level>
  <class>com.kms.katalon.core.logging.XmlKeywordLogger</class>
  <method>logMessage</method>
  <thread>1</thread>
  <message>January 2019</message>
  <nestedLevel>1</nestedLevel>
</record>
<record>
  <date>2019-03-29T12:28:12</date>
  <millis>1553876892896</millis>
  <sequence>200</sequence>
  <level>PASSED</level>
  <class>com.kms.katalon.core.logging.XmlKeywordLogger</class>
  <method>logMessage</method>
  <thread>1</thread>
  <message>December 2018</message>
  <nestedLevel>1</nestedLevel>
</record>
<record>
  <date>2019-03-29T12:28:12</date>
  <millis>1553876892937</millis>
  <sequence>201</sequence>
  <level>PASSED</level>
  <class>com.kms.katalon.core.logging.XmlKeywordLogger</class>
  <method>logMessage</method>
  <thread>1</thread>
  <message>November 2018</message>
  <nestedLevel>1</nestedLevel>
</record>
<record>
  <date>2019-03-29T12:28:12</date>
  <millis>1553876892974</millis>
  <sequence>202</sequence>
  <level>PASSED</level>
  <class>com.kms.katalon.core.logging.XmlKeywordLogger</class>
  <method>logMessage</method>
  <thread>1</thread>
  <message>October 2018</message>
  <nestedLevel>1</nestedLevel>
</record>
<record>
  <date>2019-03-29T12:28:13</date>
  <millis>1553876893010</millis>
  <sequence>203</sequence>
  <level>PASSED</level>
  <class>com.kms.katalon.core.logging.XmlKeywordLogger</class>
  <method>logMessage</method>
  <thread>1</thread>
  <message>September 2018</message>
  <nestedLevel>1</nestedLevel>
</record>
<record>
  <date>2019-03-29T12:28:13</date>
  <millis>1553876893045</millis>
  <sequence>204</sequence>
  <level>PASSED</level>
  <class>com.kms.katalon.core.logging.XmlKeywordLogger</class>
  <method>logMessage</method>
  <thread>1</thread>
  <message>August 2018</message>
  <nestedLevel>1</nestedLevel>
</record>
<record>
  <date>2019-03-29T12:28:13</date>
  <millis>1553876893091</millis>
  <sequence>205</sequence>
  <level>PASSED</level>
  <class>com.kms.katalon.core.logging.XmlKeywordLogger</class>
  <method>logMessage</method>
  <thread>1</thread>
  <message>July 2018</message>
  <nestedLevel>1</nestedLevel>
</record>
<record>
  <date>2019-03-29T12:28:13</date>
  <millis>1553876893143</millis>
  <sequence>206</sequence>
  <level>PASSED</level>
  <class>com.kms.katalon.core.logging.XmlKeywordLogger</class>
  <method>logMessage</method>
  <thread>1</thread>
  <message>June 2018</message>
  <nestedLevel>1</nestedLevel>
</record>
<record>
  <date>2019-03-29T12:28:13</date>
  <millis>1553876893193</millis>
  <sequence>207</sequence>
  <level>PASSED</level>
  <class>com.kms.katalon.core.logging.XmlKeywordLogger</class>
  <method>logMessage</method>
  <thread>1</thread>
  <message>May 2018</message>
  <nestedLevel>1</nestedLevel>
</record>
<record>
  <date>2019-03-29T12:28:13</date>
  <millis>1553876893242</millis>
  <sequence>208</sequence>
  <level>PASSED</level>
  <class>com.kms.katalon.core.logging.XmlKeywordLogger</class>
  <method>logMessage</method>
  <thread>1</thread>
  <message>April 2018</message>
  <nestedLevel>1</nestedLevel>
</record>
<record>
  <date>2019-03-29T12:28:13</date>
  <millis>1553876893291</millis>
  <sequence>209</sequence>
  <level>PASSED</level>
  <class>com.kms.katalon.core.logging.XmlKeywordLogger</class>
  <method>logMessage</method>
  <thread>1</thread>
  <message>March 2018</message>
  <nestedLevel>1</nestedLevel>
</record>
<record>
  <date>2019-03-29T12:28:13</date>
  <millis>1553876893292</millis>
  <sequence>210</sequence>
  <level>PASSED</level>
  <class>com.kms.katalon.core.logging.XmlKeywordLogger</class>
  <method>logMessage</method>
  <thread>1</thread>
  <message>*******************************************************Yearly Reports**********************************************************</message>
  <nestedLevel>1</nestedLevel>
</record>
<record>
  <date>2019-03-29T12:28:13</date>
  <millis>1553876893362</millis>
  <sequence>211</sequence>
  <level>PASSED</level>
  <class>com.kms.katalon.core.logging.XmlKeywordLogger</class>
  <method>logMessage</method>
  <thread>1</thread>
  <message>2018</message>
  <nestedLevel>1</nestedLevel>
</record>
<record>
  <date>2019-03-29T12:28:13</date>
  <millis>1553876893403</millis>
  <sequence>212</sequence>
  <level>PASSED</level>
  <class>com.kms.katalon.core.logging.XmlKeywordLogger</class>
  <method>logMessage</method>
  <thread>1</thread>
  <message>2017</message>
  <nestedLevel>1</nestedLevel>
</record>
<record>
  <date>2019-03-29T12:28:13</date>
  <millis>1553876893450</millis>
  <sequence>213</sequence>
  <level>PASSED</level>
  <class>com.kms.katalon.core.logging.XmlKeywordLogger</class>
  <method>logMessage</method>
  <thread>1</thread>
  <message>2016</message>
  <nestedLevel>1</nestedLevel>
</record>
<record>
  <date>2019-03-29T12:28:14</date>
  <millis>1553876894641</millis>
  <sequence>214</sequence>
  <level>END</level>
  <class>com.kms.katalon.core.logging.XmlKeywordLogger</class>
  <method>endKeyword</method>
  <thread>1</thread>
  <message>End action : com.app.keyword.Keywords.peakReport()</message>
  <nestedLevel>1</nestedLevel>
</record>
<record>
  <date>2019-03-29T12:28:14</date>
  <millis>1553876894642</millis>
  <sequence>215</sequence>
  <level>PASSED</level>
  <class>com.kms.katalon.core.logging.XmlKeywordLogger</class>
  <method>logMessage</method>
  <thread>1</thread>
  <message>Test Cases/ColoradoPeak</message>
  <nestedLevel>1</nestedLevel>
</record>
<record>
  <date>2019-03-29T12:28:14</date>
  <millis>1553876894642</millis>
  <sequence>216</sequence>
  <level>START</level>
  <class>com.kms.katalon.core.logging.XmlKeywordLogger</class>
  <method>startKeyword</method>
  <thread>1</thread>
  <message>Start listener action : sampleAfterTestCase</message>
  <nestedLevel>1</nestedLevel>
</record>
<record>
  <date>2019-03-29T12:28:14</date>
  <millis>1553876894644</millis>
  <sequence>218</sequence>
  <level>START</level>
  <class>com.kms.katalon.core.logging.XmlKeywordLogger</class>
  <method>startKeyword</method>
  <thread>1</thread>
  <message>Start action : println(testCaseContext.getTestCaseId())</message>
  <nestedLevel>1</nestedLevel>
  <property name="startLine">42</property>
  <property name="stepIndex">1</property>
</record>
<record>
  <date>2019-03-29T12:28:14</date>
  <millis>1553876894645</millis>
  <sequence>219</sequence>
  <level>END</level>
  <class>com.kms.katalon.core.logging.XmlKeywordLogger</class>
  <method>endKeyword</method>
  <thread>1</thread>
  <message>End action : println(testCaseContext.getTestCaseId())</message>
  <nestedLevel>1</nestedLevel>
</record>
<record>
  <date>2019-03-29T12:28:14</date>
  <millis>1553876894645</millis>
  <sequence>220</sequence>
  <level>START</level>
  <class>com.kms.katalon.core.logging.XmlKeywordLogger</class>
  <method>startKeyword</method>
  <thread>1</thread>
  <message>Start action : println(testCaseContext.getTestCaseStatus())</message>
  <nestedLevel>1</nestedLevel>
  <property name="startLine">43</property>
  <property name="stepIndex">2</property>
</record>
<record>
  <date>2019-03-29T12:28:14</date>
  <millis>1553876894647</millis>
  <sequence>222</sequence>
  <level>END</level>
  <class>com.kms.katalon.core.logging.XmlKeywordLogger</class>
  <method>endKeyword</method>
  <thread>1</thread>
  <message>End action : println(testCaseContext.getTestCaseStatus())</message>
  <nestedLevel>1</nestedLevel>
</record>
<record>
  <date>2019-03-29T12:28:14</date>
  <millis>1553876894647</millis>
  <sequence>223</sequence>
  <level>END</level>
  <class>com.kms.katalon.core.logging.XmlKeywordLogger</class>
  <method>endKeyword</method>
  <thread>1</thread>
  <message>End listener action : sampleAfterTestCase</message>
  <nestedLevel>1</nestedLevel>
</record>
<record>
  <date>2019-03-29T12:28:14</date>
  <millis>1553876894648</millis>
  <sequence>224</sequence>
  <level>END</level>
  <class>com.kms.katalon.core.logging.XmlKeywordLogger</class>
  <method>endTest</method>
  <thread>1</thread>
  <message>End Test Case : Test Cases/ColoradoPeak</message>
  <nestedLevel>0</nestedLevel>
</record>
<record>
  <date>2019-03-29T12:28:14</date>
  <millis>1553876894658</millis>
  <sequence>225</sequence>
  <level>START</level>
  <class>com.kms.katalon.core.logging.XmlKeywordLogger</class>
  <method>startKeyword</method>
  <thread>1</thread>
  <message>Start listener action : sampleAfterTestSuite</message>
  <nestedLevel>0</nestedLevel>
</record>
<record>
  <date>2019-03-29T12:28:14</date>
  <millis>1553876894659</millis>
  <sequence>227</sequence>
  <level>START</level>
  <class>com.kms.katalon.core.logging.XmlKeywordLogger</class>
  <method>startKeyword</method>
  <thread>1</thread>
  <message>Start action : println(testSuiteContext.getTestSuiteId())</message>
  <nestedLevel>1</nestedLevel>
  <property name="startLine">61</property>
  <property name="stepIndex">1</property>
</record>
<record>
  <date>2019-03-29T12:28:14</date>
  <millis>1553876894659</millis>
  <sequence>229</sequence>
  <level>END</level>
  <class>com.kms.katalon.core.logging.XmlKeywordLogger</class>
  <method>endKeyword</method>
  <thread>1</thread>
  <message>End action : println(testSuiteContext.getTestSuiteId())</message>
  <nestedLevel>1</nestedLevel>
</record>
<record>
  <date>2019-03-29T12:28:14</date>
  <millis>1553876894659</millis>
  <sequence>230</sequence>
  <level>END</level>
  <class>com.kms.katalon.core.logging.XmlKeywordLogger</class>
  <method>endKeyword</method>
  <thread>1</thread>
  <message>End listener action : sampleAfterTestSuite</message>
  <nestedLevel>0</nestedLevel>
</record>
<record>
  <date>2019-03-29T12:28:14</date>
  <millis>1553876894733</millis>
  <sequence>231</sequence>
  <level>END</level>
  <class>com.kms.katalon.core.logging.XmlKeywordLogger</class>
  <method>endSuite</method>
  <thread>1</thread>
  <message>End Test Suite : Test Suites/ColoradoPeakProMetrics</message>
  <nestedLevel>0</nestedLevel>
</record>
</log>
