<?xml version="1.0" encoding="UTF-8" standalone="no"?>
<!DOCTYPE log SYSTEM "logger.dtd">
<log>
<record>
  <date>2019-03-29T13:05:36</date>
  <millis>1553879136682</millis>
  <sequence>0</sequence>
  <level>START</level>
  <class>com.kms.katalon.core.logging.XmlKeywordLogger</class>
  <method>startSuite</method>
  <thread>1</thread>
  <message>Start Test Suite : Test Suites/ColoradoPeakProMetrics</message>
  <nestedLevel>0</nestedLevel>
  <property name="name">ColoradoPeakProMetrics</property>
  <property name="description"></property>
  <property name="id">Test Suites/ColoradoPeakProMetrics</property>
</record>
<record>
  <date>2019-03-29T13:05:36</date>
  <millis>1553879136726</millis>
  <sequence>1</sequence>
  <level>RUN_DATA</level>
  <class>com.kms.katalon.core.logging.XmlKeywordLogger</class>
  <method>logMessage</method>
  <thread>1</thread>
  <message>hostName = subsarkar - USLMASUBSARKAR2.us.deloitte.com</message>
  <nestedLevel>0</nestedLevel>
  <property name="hostName">subsarkar - USLMASUBSARKAR2.us.deloitte.com</property>
</record>
<record>
  <date>2019-03-29T13:05:36</date>
  <millis>1553879136729</millis>
  <sequence>2</sequence>
  <level>RUN_DATA</level>
  <class>com.kms.katalon.core.logging.XmlKeywordLogger</class>
  <method>logMessage</method>
  <thread>1</thread>
  <message>os = Windows 10 64bit</message>
  <nestedLevel>0</nestedLevel>
  <property name="os">Windows 10 64bit</property>
</record>
<record>
  <date>2019-03-29T13:05:36</date>
  <millis>1553879136730</millis>
  <sequence>3</sequence>
  <level>RUN_DATA</level>
  <class>com.kms.katalon.core.logging.XmlKeywordLogger</class>
  <method>logMessage</method>
  <thread>1</thread>
  <message>hostAddress = 192.168.1.102</message>
  <nestedLevel>0</nestedLevel>
  <property name="hostAddress">192.168.1.102</property>
</record>
<record>
  <date>2019-03-29T13:05:36</date>
  <millis>1553879136736</millis>
  <sequence>4</sequence>
  <level>RUN_DATA</level>
  <class>com.kms.katalon.core.logging.XmlKeywordLogger</class>
  <method>logMessage</method>
  <thread>1</thread>
  <message>katalonVersion = 6.0.6.4</message>
  <nestedLevel>0</nestedLevel>
  <property name="katalonVersion">6.0.6.4</property>
</record>
<record>
  <date>2019-03-29T13:05:38</date>
  <millis>1553879138313</millis>
  <sequence>5</sequence>
  <level>START</level>
  <class>com.kms.katalon.core.logging.XmlKeywordLogger</class>
  <method>startKeyword</method>
  <thread>1</thread>
  <message>Start listener action : sampleBeforeTestSuite</message>
  <nestedLevel>0</nestedLevel>
</record>
<record>
  <date>2019-03-29T13:05:38</date>
  <millis>1553879138336</millis>
  <sequence>7</sequence>
  <level>START</level>
  <class>com.kms.katalon.core.logging.XmlKeywordLogger</class>
  <method>startKeyword</method>
  <thread>1</thread>
  <message>Start action : println(testSuiteContext.getTestSuiteId())</message>
  <nestedLevel>1</nestedLevel>
  <property name="startLine">52</property>
  <property name="stepIndex">1</property>
</record>
<record>
  <date>2019-03-29T13:05:38</date>
  <millis>1553879138360</millis>
  <sequence>9</sequence>
  <level>END</level>
  <class>com.kms.katalon.core.logging.XmlKeywordLogger</class>
  <method>endKeyword</method>
  <thread>1</thread>
  <message>End action : println(testSuiteContext.getTestSuiteId())</message>
  <nestedLevel>1</nestedLevel>
</record>
<record>
  <date>2019-03-29T13:05:38</date>
  <millis>1553879138361</millis>
  <sequence>10</sequence>
  <level>END</level>
  <class>com.kms.katalon.core.logging.XmlKeywordLogger</class>
  <method>endKeyword</method>
  <thread>1</thread>
  <message>End listener action : sampleBeforeTestSuite</message>
  <nestedLevel>0</nestedLevel>
</record>
<record>
  <date>2019-03-29T13:05:38</date>
  <millis>1553879138568</millis>
  <sequence>11</sequence>
  <level>START</level>
  <class>com.kms.katalon.core.logging.XmlKeywordLogger</class>
  <method>startTest</method>
  <thread>1</thread>
  <message>Start Test Case : Test Cases/ColoradoPeak</message>
  <nestedLevel>1</nestedLevel>
  <property name="name">Test Cases/ColoradoPeak</property>
  <property name="description"></property>
  <property name="id">Test Cases/ColoradoPeak</property>
  <property name="source">C:\\Users\\subsarkar\\software\\workspacekatalon\\skydive\\Test Cases\\ColoradoPeak.tc</property>
  <property name="isOptional">false</property>
</record>
<record>
  <date>2019-03-29T13:05:38</date>
  <millis>1553879138606</millis>
  <sequence>13</sequence>
  <level>START</level>
  <class>com.kms.katalon.core.logging.XmlKeywordLogger</class>
  <method>startKeyword</method>
  <thread>1</thread>
  <message>Start listener action : sampleBeforeTestCase</message>
  <nestedLevel>1</nestedLevel>
</record>
<record>
  <date>2019-03-29T13:05:38</date>
  <millis>1553879138607</millis>
  <sequence>15</sequence>
  <level>START</level>
  <class>com.kms.katalon.core.logging.XmlKeywordLogger</class>
  <method>startKeyword</method>
  <thread>1</thread>
  <message>Start action : println(testCaseContext.getTestCaseId())</message>
  <nestedLevel>1</nestedLevel>
  <property name="startLine">32</property>
  <property name="stepIndex">1</property>
</record>
<record>
  <date>2019-03-29T13:05:38</date>
  <millis>1553879138628</millis>
  <sequence>16</sequence>
  <level>END</level>
  <class>com.kms.katalon.core.logging.XmlKeywordLogger</class>
  <method>endKeyword</method>
  <thread>1</thread>
  <message>End action : println(testCaseContext.getTestCaseId())</message>
  <nestedLevel>1</nestedLevel>
</record>
<record>
  <date>2019-03-29T13:05:38</date>
  <millis>1553879138629</millis>
  <sequence>17</sequence>
  <level>START</level>
  <class>com.kms.katalon.core.logging.XmlKeywordLogger</class>
  <method>startKeyword</method>
  <thread>1</thread>
  <message>Start action : println(testCaseContext.getTestCaseVariables())</message>
  <nestedLevel>1</nestedLevel>
  <property name="startLine">33</property>
  <property name="stepIndex">2</property>
</record>
<record>
  <date>2019-03-29T13:05:38</date>
  <millis>1553879138631</millis>
  <sequence>19</sequence>
  <level>END</level>
  <class>com.kms.katalon.core.logging.XmlKeywordLogger</class>
  <method>endKeyword</method>
  <thread>1</thread>
  <message>End action : println(testCaseContext.getTestCaseVariables())</message>
  <nestedLevel>1</nestedLevel>
</record>
<record>
  <date>2019-03-29T13:05:38</date>
  <millis>1553879138632</millis>
  <sequence>20</sequence>
  <level>END</level>
  <class>com.kms.katalon.core.logging.XmlKeywordLogger</class>
  <method>endKeyword</method>
  <thread>1</thread>
  <message>End listener action : sampleBeforeTestCase</message>
  <nestedLevel>1</nestedLevel>
</record>
<record>
  <date>2019-03-29T13:05:39</date>
  <millis>1553879139769</millis>
  <sequence>21</sequence>
  <level>START</level>
  <class>com.kms.katalon.core.logging.XmlKeywordLogger</class>
  <method>startKeyword</method>
  <thread>1</thread>
  <message>Start action : com.app.keyword.Keywords.peakReport()</message>
  <nestedLevel>1</nestedLevel>
  <property name="startLine">16</property>
  <property name="stepIndex">1</property>
</record>
<record>
  <date>2019-03-29T13:05:40</date>
  <millis>1553879140947</millis>
  <sequence>23</sequence>
  <level>INFO</level>
  <class>com.kms.katalon.core.logging.XmlKeywordLogger</class>
  <method>logMessage</method>
  <thread>1</thread>
  <message>Starting &amp;apos;Chrome&amp;apos; driver</message>
  <nestedLevel>1</nestedLevel>
</record>
<record>
  <date>2019-03-29T13:05:41</date>
  <millis>1553879141110</millis>
  <sequence>24</sequence>
  <level>INFO</level>
  <class>com.kms.katalon.core.logging.XmlKeywordLogger</class>
  <method>logMessage</method>
  <thread>1</thread>
  <message>Action delay is set to 0 seconds</message>
  <nestedLevel>1</nestedLevel>
</record>
<record>
  <date>2019-03-29T13:05:46</date>
  <millis>1553879146685</millis>
  <sequence>26</sequence>
  <level>RUN_DATA</level>
  <class>com.kms.katalon.core.logging.XmlKeywordLogger</class>
  <method>logMessage</method>
  <thread>1</thread>
  <message>sessionId = 60b4545900f6bd2d3e7a51445def0e57</message>
  <nestedLevel>1</nestedLevel>
  <property name="sessionId">60b4545900f6bd2d3e7a51445def0e57</property>
</record>
<record>
  <date>2019-03-29T13:05:46</date>
  <millis>1553879146720</millis>
  <sequence>27</sequence>
  <level>RUN_DATA</level>
  <class>com.kms.katalon.core.logging.XmlKeywordLogger</class>
  <method>logMessage</method>
  <thread>1</thread>
  <message>browser = Chrome 73.0.3683.86</message>
  <nestedLevel>1</nestedLevel>
  <property name="browser">Chrome 73.0.3683.86</property>
</record>
<record>
  <date>2019-03-29T13:05:46</date>
  <millis>1553879146721</millis>
  <sequence>28</sequence>
  <level>RUN_DATA</level>
  <class>com.kms.katalon.core.logging.XmlKeywordLogger</class>
  <method>logMessage</method>
  <thread>1</thread>
  <message>platform = Windows 10</message>
  <nestedLevel>1</nestedLevel>
  <property name="platform">Windows 10</property>
</record>
<record>
  <date>2019-03-29T13:05:46</date>
  <millis>1553879146727</millis>
  <sequence>29</sequence>
  <level>RUN_DATA</level>
  <class>com.kms.katalon.core.logging.XmlKeywordLogger</class>
  <method>logMessage</method>
  <thread>1</thread>
  <message>seleniumVersion = 3.7.1</message>
  <nestedLevel>1</nestedLevel>
  <property name="seleniumVersion">3.7.1</property>
</record>
<record>
  <date>2019-03-29T13:05:46</date>
  <millis>1553879146730</millis>
  <sequence>30</sequence>
  <level>RUN_DATA</level>
  <class>com.kms.katalon.core.logging.XmlKeywordLogger</class>
  <method>logMessage</method>
  <thread>1</thread>
  <message>proxyInformation = ProxyInformation{proxyOption=NO_PROXY, proxyServerType=HTTP, password=, proxyServerAddress=, proxyServerPort=0}</message>
  <nestedLevel>1</nestedLevel>
  <property name="proxyInformation">ProxyInformation{proxyOption=NO_PROXY, proxyServerType=HTTP, password=, proxyServerAddress=, proxyServerPort=0}</property>
</record>
<record>
  <date>2019-03-29T13:05:49</date>
  <millis>1553879149107</millis>
  <sequence>32</sequence>
  <level>PASSED</level>
  <class>com.kms.katalon.core.logging.XmlKeywordLogger</class>
  <method>logMessage</method>
  <thread>1</thread>
  <message>Browser is opened with url: &amp;apos;https://coloradopeak.secure.force.com/RPTSS&amp;apos;</message>
  <nestedLevel>1</nestedLevel>
</record>
<record>
  <date>2019-03-29T13:05:49</date>
  <millis>1553879149430</millis>
  <sequence>34</sequence>
  <level>PASSED</level>
  <class>com.kms.katalon.core.logging.XmlKeywordLogger</class>
  <method>logMessage</method>
  <thread>1</thread>
  <message>Current window maximized</message>
  <nestedLevel>1</nestedLevel>
</record>
<record>
  <date>2019-03-29T13:05:50</date>
  <millis>1553879150953</millis>
  <sequence>35</sequence>
  <level>PASSED</level>
  <class>com.kms.katalon.core.logging.XmlKeywordLogger</class>
  <method>logMessage</method>
  <thread>1</thread>
  <message>Report Name: ***************************************Am I Eligible-Self Assessments Totals**********************************************************</message>
  <nestedLevel>1</nestedLevel>
</record>
<record>
  <date>2019-03-29T13:05:51</date>
  <millis>1553879151146</millis>
  <sequence>36</sequence>
  <level>PASSED</level>
  <class>com.kms.katalon.core.logging.XmlKeywordLogger</class>
  <method>logMessage</method>
  <thread>1</thread>
  <message>Statistic:1 Self-Assessments started in the month1--------------Count: 6584</message>
  <nestedLevel>1</nestedLevel>
</record>
<record>
  <date>2019-03-29T13:05:51</date>
  <millis>1553879151264</millis>
  <sequence>37</sequence>
  <level>PASSED</level>
  <class>com.kms.katalon.core.logging.XmlKeywordLogger</class>
  <method>logMessage</method>
  <thread>1</thread>
  <message>Statistic:2 Self-Assessments completed in the month2--------------Count: 4809</message>
  <nestedLevel>1</nestedLevel>
</record>
<record>
  <date>2019-03-29T13:05:51</date>
  <millis>1553879151384</millis>
  <sequence>38</sequence>
  <level>PASSED</level>
  <class>com.kms.katalon.core.logging.XmlKeywordLogger</class>
  <method>logMessage</method>
  <thread>1</thread>
  <message>Statistic:3 Number of households found to be potentially eligible for one or more programs in the month--------------Count: 3692</message>
  <nestedLevel>1</nestedLevel>
</record>
<record>
  <date>2019-03-29T13:05:51</date>
  <millis>1553879151499</millis>
  <sequence>39</sequence>
  <level>PASSED</level>
  <class>com.kms.katalon.core.logging.XmlKeywordLogger</class>
  <method>logMessage</method>
  <thread>1</thread>
  <message>Statistic:4 Self-Assessments started since initial launch (10/18/2009) through report month3--------------Count: 404878</message>
  <nestedLevel>1</nestedLevel>
</record>
<record>
  <date>2019-03-29T13:05:51</date>
  <millis>1553879151621</millis>
  <sequence>40</sequence>
  <level>PASSED</level>
  <class>com.kms.katalon.core.logging.XmlKeywordLogger</class>
  <method>logMessage</method>
  <thread>1</thread>
  <message>Statistic:5 Self-Assessments completed since initial launch (10/18/2009) through report month4--------------Count: 605409</message>
  <nestedLevel>1</nestedLevel>
</record>
<record>
  <date>2019-03-29T13:05:51</date>
  <millis>1553879151735</millis>
  <sequence>41</sequence>
  <level>PASSED</level>
  <class>com.kms.katalon.core.logging.XmlKeywordLogger</class>
  <method>logMessage</method>
  <thread>1</thread>
  <message>Statistic:6 Number of households found to be potentially eligible for WIC--------------Count: 919</message>
  <nestedLevel>1</nestedLevel>
</record>
<record>
  <date>2019-03-29T13:05:51</date>
  <millis>1553879151839</millis>
  <sequence>42</sequence>
  <level>PASSED</level>
  <class>com.kms.katalon.core.logging.XmlKeywordLogger</class>
  <method>logMessage</method>
  <thread>1</thread>
  <message>Statistic:7 Number of households found to be potentially eligible for HIPPY--------------Count: 228</message>
  <nestedLevel>1</nestedLevel>
</record>
<record>
  <date>2019-03-29T13:05:51</date>
  <millis>1553879151949</millis>
  <sequence>43</sequence>
  <level>PASSED</level>
  <class>com.kms.katalon.core.logging.XmlKeywordLogger</class>
  <method>logMessage</method>
  <thread>1</thread>
  <message>Statistic:8 Number of households found to be potentially eligible for PAT--------------Count: 1273</message>
  <nestedLevel>1</nestedLevel>
</record>
<record>
  <date>2019-03-29T13:05:52</date>
  <millis>1553879152049</millis>
  <sequence>44</sequence>
  <level>PASSED</level>
  <class>com.kms.katalon.core.logging.XmlKeywordLogger</class>
  <method>logMessage</method>
  <thread>1</thread>
  <message>Statistic:9 Number of households found to be potentially eligible for NFP--------------Count: 178</message>
  <nestedLevel>1</nestedLevel>
</record>
<record>
  <date>2019-03-29T13:05:52</date>
  <millis>1553879152166</millis>
  <sequence>45</sequence>
  <level>PASSED</level>
  <class>com.kms.katalon.core.logging.XmlKeywordLogger</class>
  <method>logMessage</method>
  <thread>1</thread>
  <message>Statistic:10 Number of households found to be potentially eligible for Healthy Steps--------------Count: 838</message>
  <nestedLevel>1</nestedLevel>
</record>
<record>
  <date>2019-03-29T13:05:52</date>
  <millis>1553879152315</millis>
  <sequence>46</sequence>
  <level>PASSED</level>
  <class>com.kms.katalon.core.logging.XmlKeywordLogger</class>
  <method>logMessage</method>
  <thread>1</thread>
  <message>Statistic:11 Number of households found to be potentially eligible for Preschool Special Education--------------Count: 10</message>
  <nestedLevel>1</nestedLevel>
</record>
<record>
  <date>2019-03-29T13:05:52</date>
  <millis>1553879152425</millis>
  <sequence>47</sequence>
  <level>PASSED</level>
  <class>com.kms.katalon.core.logging.XmlKeywordLogger</class>
  <method>logMessage</method>
  <thread>1</thread>
  <message>Statistic:12 Number of households found to be potentially eligible for School Nutrition Programs--------------Count: 598</message>
  <nestedLevel>1</nestedLevel>
</record>
<record>
  <date>2019-03-29T13:05:52</date>
  <millis>1553879152526</millis>
  <sequence>48</sequence>
  <level>PASSED</level>
  <class>com.kms.katalon.core.logging.XmlKeywordLogger</class>
  <method>logMessage</method>
  <thread>1</thread>
  <message>Statistic:13 Number of households found to be potentially eligible for Head Start--------------Count: 268</message>
  <nestedLevel>1</nestedLevel>
</record>
<record>
  <date>2019-03-29T13:05:52</date>
  <millis>1553879152629</millis>
  <sequence>49</sequence>
  <level>PASSED</level>
  <class>com.kms.katalon.core.logging.XmlKeywordLogger</class>
  <method>logMessage</method>
  <thread>1</thread>
  <message>Statistic:14 Number of households found to be in-eligible for Head Start due to non-participating county--------------Count: 119</message>
  <nestedLevel>1</nestedLevel>
</record>
<record>
  <date>2019-03-29T13:05:52</date>
  <millis>1553879152736</millis>
  <sequence>50</sequence>
  <level>PASSED</level>
  <class>com.kms.katalon.core.logging.XmlKeywordLogger</class>
  <method>logMessage</method>
  <thread>1</thread>
  <message>Statistic:15 Number of households found to be potentially eligible for EI Colorado--------------Count: 64</message>
  <nestedLevel>1</nestedLevel>
</record>
<record>
  <date>2019-03-29T13:05:52</date>
  <millis>1553879152838</millis>
  <sequence>51</sequence>
  <level>PASSED</level>
  <class>com.kms.katalon.core.logging.XmlKeywordLogger</class>
  <method>logMessage</method>
  <thread>1</thread>
  <message>Statistic:16 Number of households found to be potentially eligible for LEAP--------------Count: 598</message>
  <nestedLevel>1</nestedLevel>
</record>
<record>
  <date>2019-03-29T13:05:52</date>
  <millis>1553879152951</millis>
  <sequence>52</sequence>
  <level>PASSED</level>
  <class>com.kms.katalon.core.logging.XmlKeywordLogger</class>
  <method>logMessage</method>
  <thread>1</thread>
  <message>Statistic:17 Number of households found to be potentially eligible for CCCAP--------------Count: 915</message>
  <nestedLevel>1</nestedLevel>
</record>
<record>
  <date>2019-03-29T13:05:53</date>
  <millis>1553879153075</millis>
  <sequence>53</sequence>
  <level>PASSED</level>
  <class>com.kms.katalon.core.logging.XmlKeywordLogger</class>
  <method>logMessage</method>
  <thread>1</thread>
  <message>Statistic:18 Number of households found to be potentially eligible for SafeCare--------------Count: 204</message>
  <nestedLevel>1</nestedLevel>
</record>
<record>
  <date>2019-03-29T13:05:54</date>
  <millis>1553879154122</millis>
  <sequence>54</sequence>
  <level>PASSED</level>
  <class>com.kms.katalon.core.logging.XmlKeywordLogger</class>
  <method>logMessage</method>
  <thread>1</thread>
  <message>Report Name: ***************************************Spanish Webpage**********************************************************</message>
  <nestedLevel>1</nestedLevel>
</record>
<record>
  <date>2019-03-29T13:05:54</date>
  <millis>1553879154229</millis>
  <sequence>55</sequence>
  <level>PASSED</level>
  <class>com.kms.katalon.core.logging.XmlKeywordLogger</class>
  <method>logMessage</method>
  <thread>1</thread>
  <message>Statistic:1 Number of household selecting Spanish1--------------Count: 48</message>
  <nestedLevel>1</nestedLevel>
</record>
<record>
  <date>2019-03-29T13:05:55</date>
  <millis>1553879155109</millis>
  <sequence>56</sequence>
  <level>PASSED</level>
  <class>com.kms.katalon.core.logging.XmlKeywordLogger</class>
  <method>logMessage</method>
  <thread>1</thread>
  <message>Report Name: ***************************************Unique Accounts Created**********************************************************</message>
  <nestedLevel>1</nestedLevel>
</record>
<record>
  <date>2019-03-29T13:05:55</date>
  <millis>1553879155209</millis>
  <sequence>57</sequence>
  <level>PASSED</level>
  <class>com.kms.katalon.core.logging.XmlKeywordLogger</class>
  <method>logMessage</method>
  <thread>1</thread>
  <message>Statistic:1 All new accounts created in the month--------------Count: 12822</message>
  <nestedLevel>1</nestedLevel>
</record>
<record>
  <date>2019-03-29T13:05:56</date>
  <millis>1553879156012</millis>
  <sequence>58</sequence>
  <level>PASSED</level>
  <class>com.kms.katalon.core.logging.XmlKeywordLogger</class>
  <method>logMessage</method>
  <thread>1</thread>
  <message>Report Name: ***************************************Total Number Of Applications And Change Reports**********************************************************</message>
  <nestedLevel>1</nestedLevel>
</record>
<record>
  <date>2019-03-29T13:05:56</date>
  <millis>1553879156105</millis>
  <sequence>59</sequence>
  <level>PASSED</level>
  <class>com.kms.katalon.core.logging.XmlKeywordLogger</class>
  <method>logMessage</method>
  <thread>1</thread>
  <message>Statistic:1 Applications started in the month 2--------------Count: 16768</message>
  <nestedLevel>1</nestedLevel>
</record>
<record>
  <date>2019-03-29T13:05:56</date>
  <millis>1553879156202</millis>
  <sequence>60</sequence>
  <level>PASSED</level>
  <class>com.kms.katalon.core.logging.XmlKeywordLogger</class>
  <method>logMessage</method>
  <thread>1</thread>
  <message>Statistic:2 Applications to date 3--------------Count: 1863462</message>
  <nestedLevel>1</nestedLevel>
</record>
<record>
  <date>2019-03-29T13:05:56</date>
  <millis>1553879156300</millis>
  <sequence>61</sequence>
  <level>PASSED</level>
  <class>com.kms.katalon.core.logging.XmlKeywordLogger</class>
  <method>logMessage</method>
  <thread>1</thread>
  <message>Statistic:3 Change reports started in the month 4--------------Count: 35693</message>
  <nestedLevel>1</nestedLevel>
</record>
<record>
  <date>2019-03-29T13:05:56</date>
  <millis>1553879156377</millis>
  <sequence>62</sequence>
  <level>PASSED</level>
  <class>com.kms.katalon.core.logging.XmlKeywordLogger</class>
  <method>logMessage</method>
  <thread>1</thread>
  <message>Statistic:4 Change reports to date 5--------------Count: 1910847</message>
  <nestedLevel>1</nestedLevel>
</record>
<record>
  <date>2019-03-29T13:05:56</date>
  <millis>1553879156481</millis>
  <sequence>63</sequence>
  <level>PASSED</level>
  <class>com.kms.katalon.core.logging.XmlKeywordLogger</class>
  <method>logMessage</method>
  <thread>1</thread>
  <message>Statistic:5 ELE applications started in a month 6--------------Count: 16</message>
  <nestedLevel>1</nestedLevel>
</record>
<record>
  <date>2019-03-29T13:05:56</date>
  <millis>1553879156569</millis>
  <sequence>64</sequence>
  <level>PASSED</level>
  <class>com.kms.katalon.core.logging.XmlKeywordLogger</class>
  <method>logMessage</method>
  <thread>1</thread>
  <message>Statistic:6 ELE applications to date 7--------------Count: 787</message>
  <nestedLevel>1</nestedLevel>
</record>
<record>
  <date>2019-03-29T13:05:57</date>
  <millis>1553879157325</millis>
  <sequence>65</sequence>
  <level>PASSED</level>
  <class>com.kms.katalon.core.logging.XmlKeywordLogger</class>
  <method>logMessage</method>
  <thread>1</thread>
  <message>Report Name: ***************************************Monthly Total Of Users Accessing PEAK**********************************************************</message>
  <nestedLevel>1</nestedLevel>
</record>
<record>
  <date>2019-03-29T13:05:57</date>
  <millis>1553879157465</millis>
  <sequence>66</sequence>
  <level>PASSED</level>
  <class>com.kms.katalon.core.logging.XmlKeywordLogger</class>
  <method>logMessage</method>
  <thread>1</thread>
  <message>Statistic:1 Total number of times users logged on to a PEAK account--------------Count: 1</message>
  <nestedLevel>1</nestedLevel>
</record>
<record>
  <date>2019-03-29T13:05:57</date>
  <millis>1553879157618</millis>
  <sequence>67</sequence>
  <level>PASSED</level>
  <class>com.kms.katalon.core.logging.XmlKeywordLogger</class>
  <method>logMessage</method>
  <thread>1</thread>
  <message>Statistic:2 Number of distinct users who logged on to a PEAK account in the month--------------Count: 1</message>
  <nestedLevel>1</nestedLevel>
</record>
<record>
  <date>2019-03-29T13:05:58</date>
  <millis>1553879158904</millis>
  <sequence>68</sequence>
  <level>PASSED</level>
  <class>com.kms.katalon.core.logging.XmlKeywordLogger</class>
  <method>logMessage</method>
  <thread>1</thread>
  <message>Report Name: ***************************************Totals Per County**********************************************************</message>
  <nestedLevel>1</nestedLevel>
</record>
<record>
  <date>2019-03-29T13:05:59</date>
  <millis>1553879159179</millis>
  <sequence>69</sequence>
  <level>PASSED</level>
  <class>com.kms.katalon.core.logging.XmlKeywordLogger</class>
  <method>logMessage</method>
  <thread>1</thread>
  <message>Row:1*******Adams-------405--------1941--------148377--------4258--------205735</message>
  <nestedLevel>1</nestedLevel>
</record>
<record>
  <date>2019-03-29T13:05:59</date>
  <millis>1553879159423</millis>
  <sequence>70</sequence>
  <level>PASSED</level>
  <class>com.kms.katalon.core.logging.XmlKeywordLogger</class>
  <method>logMessage</method>
  <thread>1</thread>
  <message>Row:2*******Alamosa-------18--------56--------3915--------98--------4133</message>
  <nestedLevel>1</nestedLevel>
</record>
<record>
  <date>2019-03-29T13:05:59</date>
  <millis>1553879159668</millis>
  <sequence>71</sequence>
  <level>PASSED</level>
  <class>com.kms.katalon.core.logging.XmlKeywordLogger</class>
  <method>logMessage</method>
  <thread>1</thread>
  <message>Row:3*******Arapahoe-------556--------2239--------202599--------4422--------242360</message>
  <nestedLevel>1</nestedLevel>
</record>
<record>
  <date>2019-03-29T13:05:59</date>
  <millis>1553879159917</millis>
  <sequence>72</sequence>
  <level>PASSED</level>
  <class>com.kms.katalon.core.logging.XmlKeywordLogger</class>
  <method>logMessage</method>
  <thread>1</thread>
  <message>Row:4*******Archuleta-------9--------22--------3428--------55--------4386</message>
  <nestedLevel>1</nestedLevel>
</record>
<record>
  <date>2019-03-29T13:06:00</date>
  <millis>1553879160284</millis>
  <sequence>73</sequence>
  <level>PASSED</level>
  <class>com.kms.katalon.core.logging.XmlKeywordLogger</class>
  <method>logMessage</method>
  <thread>1</thread>
  <message>Row:5*******Baca-------1--------6--------1213--------9--------636</message>
  <nestedLevel>1</nestedLevel>
</record>
<record>
  <date>2019-03-29T13:06:00</date>
  <millis>1553879160549</millis>
  <sequence>74</sequence>
  <level>PASSED</level>
  <class>com.kms.katalon.core.logging.XmlKeywordLogger</class>
  <method>logMessage</method>
  <thread>1</thread>
  <message>Row:6*******Bent-------1--------12--------640--------17--------929</message>
  <nestedLevel>1</nestedLevel>
</record>
<record>
  <date>2019-03-29T13:06:00</date>
  <millis>1553879160783</millis>
  <sequence>75</sequence>
  <level>PASSED</level>
  <class>com.kms.katalon.core.logging.XmlKeywordLogger</class>
  <method>logMessage</method>
  <thread>1</thread>
  <message>Row:7*******Boulder-------236--------644--------76943--------1632--------93569</message>
  <nestedLevel>1</nestedLevel>
</record>
<record>
  <date>2019-03-29T13:06:01</date>
  <millis>1553879161011</millis>
  <sequence>76</sequence>
  <level>PASSED</level>
  <class>com.kms.katalon.core.logging.XmlKeywordLogger</class>
  <method>logMessage</method>
  <thread>1</thread>
  <message>Row:8*******Broomfield-------56--------106--------12114--------255--------13244</message>
  <nestedLevel>1</nestedLevel>
</record>
<record>
  <date>2019-03-29T13:06:01</date>
  <millis>1553879161253</millis>
  <sequence>77</sequence>
  <level>PASSED</level>
  <class>com.kms.katalon.core.logging.XmlKeywordLogger</class>
  <method>logMessage</method>
  <thread>1</thread>
  <message>Row:9*******Chaffee-------18--------57--------4694--------95--------4701</message>
  <nestedLevel>1</nestedLevel>
</record>
<record>
  <date>2019-03-29T13:06:01</date>
  <millis>1553879161497</millis>
  <sequence>78</sequence>
  <level>PASSED</level>
  <class>com.kms.katalon.core.logging.XmlKeywordLogger</class>
  <method>logMessage</method>
  <thread>1</thread>
  <message>Row:10*******Cheyenne-------2--------2--------284--------3--------254</message>
  <nestedLevel>1</nestedLevel>
</record>
<record>
  <date>2019-03-29T13:06:01</date>
  <millis>1553879161736</millis>
  <sequence>79</sequence>
  <level>PASSED</level>
  <class>com.kms.katalon.core.logging.XmlKeywordLogger</class>
  <method>logMessage</method>
  <thread>1</thread>
  <message>Row:11*******Clear Creek-------11--------20--------2056--------12--------1860</message>
  <nestedLevel>1</nestedLevel>
</record>
<record>
  <date>2019-03-29T13:06:02</date>
  <millis>1553879162012</millis>
  <sequence>80</sequence>
  <level>PASSED</level>
  <class>com.kms.katalon.core.logging.XmlKeywordLogger</class>
  <method>logMessage</method>
  <thread>1</thread>
  <message>Row:12*******Conejos-------8--------18--------1384--------42--------1739</message>
  <nestedLevel>1</nestedLevel>
</record>
<record>
  <date>2019-03-29T13:06:02</date>
  <millis>1553879162286</millis>
  <sequence>81</sequence>
  <level>PASSED</level>
  <class>com.kms.katalon.core.logging.XmlKeywordLogger</class>
  <method>logMessage</method>
  <thread>1</thread>
  <message>Row:13*******Costilla-------1--------8--------664--------27--------779</message>
  <nestedLevel>1</nestedLevel>
</record>
<record>
  <date>2019-03-29T13:06:02</date>
  <millis>1553879162563</millis>
  <sequence>82</sequence>
  <level>PASSED</level>
  <class>com.kms.katalon.core.logging.XmlKeywordLogger</class>
  <method>logMessage</method>
  <thread>1</thread>
  <message>Row:14*******Crowley-------3--------4--------1050--------6--------429</message>
  <nestedLevel>1</nestedLevel>
</record>
<record>
  <date>2019-03-29T13:06:02</date>
  <millis>1553879162850</millis>
  <sequence>83</sequence>
  <level>PASSED</level>
  <class>com.kms.katalon.core.logging.XmlKeywordLogger</class>
  <method>logMessage</method>
  <thread>1</thread>
  <message>Row:15*******Custer-------3--------8--------923--------10--------923</message>
  <nestedLevel>1</nestedLevel>
</record>
<record>
  <date>2019-03-29T13:06:03</date>
  <millis>1553879163116</millis>
  <sequence>84</sequence>
  <level>PASSED</level>
  <class>com.kms.katalon.core.logging.XmlKeywordLogger</class>
  <method>logMessage</method>
  <thread>1</thread>
  <message>Row:16*******Delta-------28--------92--------6789--------245--------10187</message>
  <nestedLevel>1</nestedLevel>
</record>
<record>
  <date>2019-03-29T13:06:03</date>
  <millis>1553879163413</millis>
  <sequence>85</sequence>
  <level>PASSED</level>
  <class>com.kms.katalon.core.logging.XmlKeywordLogger</class>
  <method>logMessage</method>
  <thread>1</thread>
  <message>Row:17*******Denver-------739--------2460--------206255--------4795--------238612</message>
  <nestedLevel>1</nestedLevel>
</record>
<record>
  <date>2019-03-29T13:06:03</date>
  <millis>1553879163638</millis>
  <sequence>86</sequence>
  <level>PASSED</level>
  <class>com.kms.katalon.core.logging.XmlKeywordLogger</class>
  <method>logMessage</method>
  <thread>1</thread>
  <message>Row:18*******Dolores-------1--------6--------601--------6--------688</message>
  <nestedLevel>1</nestedLevel>
</record>
<record>
  <date>2019-03-29T13:06:03</date>
  <millis>1553879163874</millis>
  <sequence>87</sequence>
  <level>PASSED</level>
  <class>com.kms.katalon.core.logging.XmlKeywordLogger</class>
  <method>logMessage</method>
  <thread>1</thread>
  <message>Row:19*******Douglas-------162--------421--------43678--------968--------58365</message>
  <nestedLevel>1</nestedLevel>
</record>
<record>
  <date>2019-03-29T13:06:04</date>
  <millis>1553879164120</millis>
  <sequence>88</sequence>
  <level>PASSED</level>
  <class>com.kms.katalon.core.logging.XmlKeywordLogger</class>
  <method>logMessage</method>
  <thread>1</thread>
  <message>Row:20*******Eagle-------24--------74--------11923--------152--------11809</message>
  <nestedLevel>1</nestedLevel>
</record>
<record>
  <date>2019-03-29T13:06:04</date>
  <millis>1553879164371</millis>
  <sequence>89</sequence>
  <level>PASSED</level>
  <class>com.kms.katalon.core.logging.XmlKeywordLogger</class>
  <method>logMessage</method>
  <thread>1</thread>
  <message>Row:21*******El Paso-------846--------3158--------197606--------6783--------266872</message>
  <nestedLevel>1</nestedLevel>
</record>
<record>
  <date>2019-03-29T13:06:04</date>
  <millis>1553879164618</millis>
  <sequence>90</sequence>
  <level>PASSED</level>
  <class>com.kms.katalon.core.logging.XmlKeywordLogger</class>
  <method>logMessage</method>
  <thread>1</thread>
  <message>Row:22*******Elbert-------14--------34--------3656--------87--------4132</message>
  <nestedLevel>1</nestedLevel>
</record>
<record>
  <date>2019-03-29T13:06:04</date>
  <millis>1553879164894</millis>
  <sequence>91</sequence>
  <level>PASSED</level>
  <class>com.kms.katalon.core.logging.XmlKeywordLogger</class>
  <method>logMessage</method>
  <thread>1</thread>
  <message>Row:23*******Fremont-------49--------112--------7775--------256--------9038</message>
  <nestedLevel>1</nestedLevel>
</record>
<record>
  <date>2019-03-29T13:06:05</date>
  <millis>1553879165134</millis>
  <sequence>92</sequence>
  <level>PASSED</level>
  <class>com.kms.katalon.core.logging.XmlKeywordLogger</class>
  <method>logMessage</method>
  <thread>1</thread>
  <message>Row:24*******Garfield-------42--------155--------16496--------287--------16897</message>
  <nestedLevel>1</nestedLevel>
</record>
<record>
  <date>2019-03-29T13:06:05</date>
  <millis>1553879165381</millis>
  <sequence>93</sequence>
  <level>PASSED</level>
  <class>com.kms.katalon.core.logging.XmlKeywordLogger</class>
  <method>logMessage</method>
  <thread>1</thread>
  <message>Row:25*******Gilpin-------8--------14--------1349--------29--------1385</message>
  <nestedLevel>1</nestedLevel>
</record>
<record>
  <date>2019-03-29T13:06:05</date>
  <millis>1553879165631</millis>
  <sequence>94</sequence>
  <level>PASSED</level>
  <class>com.kms.katalon.core.logging.XmlKeywordLogger</class>
  <method>logMessage</method>
  <thread>1</thread>
  <message>Row:26*******Grand-------20--------35--------4117--------57--------4058</message>
  <nestedLevel>1</nestedLevel>
</record>
<record>
  <date>2019-03-29T13:06:05</date>
  <millis>1553879165884</millis>
  <sequence>95</sequence>
  <level>PASSED</level>
  <class>com.kms.katalon.core.logging.XmlKeywordLogger</class>
  <method>logMessage</method>
  <thread>1</thread>
  <message>Row:27*******Gunnison-------10--------34--------5929--------58--------5359</message>
  <nestedLevel>1</nestedLevel>
</record>
<record>
  <date>2019-03-29T13:06:06</date>
  <millis>1553879166173</millis>
  <sequence>96</sequence>
  <level>PASSED</level>
  <class>com.kms.katalon.core.logging.XmlKeywordLogger</class>
  <method>logMessage</method>
  <thread>1</thread>
  <message>Row:28*******Hinsdale-------1--------0--------220--------0--------218</message>
  <nestedLevel>1</nestedLevel>
</record>
<record>
  <date>2019-03-29T13:06:06</date>
  <millis>1553879166479</millis>
  <sequence>97</sequence>
  <level>PASSED</level>
  <class>com.kms.katalon.core.logging.XmlKeywordLogger</class>
  <method>logMessage</method>
  <thread>1</thread>
  <message>Row:29*******Huerfano-------1--------20--------1440--------27--------1374</message>
  <nestedLevel>1</nestedLevel>
</record>
<record>
  <date>2019-03-29T13:06:06</date>
  <millis>1553879166752</millis>
  <sequence>98</sequence>
  <level>PASSED</level>
  <class>com.kms.katalon.core.logging.XmlKeywordLogger</class>
  <method>logMessage</method>
  <thread>1</thread>
  <message>Row:30*******Jackson-------1--------2--------316--------7--------259</message>
  <nestedLevel>1</nestedLevel>
</record>
<record>
  <date>2019-03-29T13:06:07</date>
  <millis>1553879167025</millis>
  <sequence>99</sequence>
  <level>PASSED</level>
  <class>com.kms.katalon.core.logging.XmlKeywordLogger</class>
  <method>logMessage</method>
  <thread>1</thread>
  <message>Row:31*******Jefferson-------397--------1340--------131382--------3226--------152450</message>
  <nestedLevel>1</nestedLevel>
</record>
<record>
  <date>2019-03-29T13:06:07</date>
  <millis>1553879167292</millis>
  <sequence>100</sequence>
  <level>PASSED</level>
  <class>com.kms.katalon.core.logging.XmlKeywordLogger</class>
  <method>logMessage</method>
  <thread>1</thread>
  <message>Row:32*******Kiowa-------0--------2--------875--------8--------229</message>
  <nestedLevel>1</nestedLevel>
</record>
<record>
  <date>2019-03-29T13:06:07</date>
  <millis>1553879167589</millis>
  <sequence>101</sequence>
  <level>PASSED</level>
  <class>com.kms.katalon.core.logging.XmlKeywordLogger</class>
  <method>logMessage</method>
  <thread>1</thread>
  <message>Row:33*******Kit Carson-------4--------16--------1342--------36--------1693</message>
  <nestedLevel>1</nestedLevel>
</record>
<record>
  <date>2019-03-29T13:06:07</date>
  <millis>1553879167862</millis>
  <sequence>102</sequence>
  <level>PASSED</level>
  <class>com.kms.katalon.core.logging.XmlKeywordLogger</class>
  <method>logMessage</method>
  <thread>1</thread>
  <message>Row:34*******La Plata-------69--------153--------15752--------326--------18190</message>
  <nestedLevel>1</nestedLevel>
</record>
<record>
  <date>2019-03-29T13:06:08</date>
  <millis>1553879168147</millis>
  <sequence>103</sequence>
  <level>PASSED</level>
  <class>com.kms.katalon.core.logging.XmlKeywordLogger</class>
  <method>logMessage</method>
  <thread>1</thread>
  <message>Row:35*******Lake-------3--------8--------1919--------19--------2332</message>
  <nestedLevel>1</nestedLevel>
</record>
<record>
  <date>2019-03-29T13:06:08</date>
  <millis>1553879168391</millis>
  <sequence>104</sequence>
  <level>PASSED</level>
  <class>com.kms.katalon.core.logging.XmlKeywordLogger</class>
  <method>logMessage</method>
  <thread>1</thread>
  <message>Row:36*******Larimer-------291--------935--------82940--------1942--------106163</message>
  <nestedLevel>1</nestedLevel>
</record>
<record>
  <date>2019-03-29T13:06:08</date>
  <millis>1553879168646</millis>
  <sequence>105</sequence>
  <level>PASSED</level>
  <class>com.kms.katalon.core.logging.XmlKeywordLogger</class>
  <method>logMessage</method>
  <thread>1</thread>
  <message>Row:37*******Las Animas-------14--------42--------3048--------84--------5147</message>
  <nestedLevel>1</nestedLevel>
</record>
<record>
  <date>2019-03-29T13:06:08</date>
  <millis>1553879168902</millis>
  <sequence>106</sequence>
  <level>PASSED</level>
  <class>com.kms.katalon.core.logging.XmlKeywordLogger</class>
  <method>logMessage</method>
  <thread>1</thread>
  <message>Row:38*******Lincoln-------4--------15--------1030--------31--------1052</message>
  <nestedLevel>1</nestedLevel>
</record>
<record>
  <date>2019-03-29T13:06:09</date>
  <millis>1553879169161</millis>
  <sequence>107</sequence>
  <level>PASSED</level>
  <class>com.kms.katalon.core.logging.XmlKeywordLogger</class>
  <method>logMessage</method>
  <thread>1</thread>
  <message>Row:39*******Logan-------10--------51--------4052--------79--------3273</message>
  <nestedLevel>1</nestedLevel>
</record>
<record>
  <date>2019-03-29T13:06:09</date>
  <millis>1553879169445</millis>
  <sequence>108</sequence>
  <level>PASSED</level>
  <class>com.kms.katalon.core.logging.XmlKeywordLogger</class>
  <method>logMessage</method>
  <thread>1</thread>
  <message>Row:40*******Mesa-------148--------489--------36288--------882--------44280</message>
  <nestedLevel>1</nestedLevel>
</record>
<record>
  <date>2019-03-29T13:06:09</date>
  <millis>1553879169699</millis>
  <sequence>109</sequence>
  <level>PASSED</level>
  <class>com.kms.katalon.core.logging.XmlKeywordLogger</class>
  <method>logMessage</method>
  <thread>1</thread>
  <message>Row:41*******Mineral-------0--------1--------299--------3--------270</message>
  <nestedLevel>1</nestedLevel>
</record>
<record>
  <date>2019-03-29T13:06:09</date>
  <millis>1553879169955</millis>
  <sequence>110</sequence>
  <level>PASSED</level>
  <class>com.kms.katalon.core.logging.XmlKeywordLogger</class>
  <method>logMessage</method>
  <thread>1</thread>
  <message>Row:42*******Moffatt-------9--------50--------3105--------101--------4338</message>
  <nestedLevel>1</nestedLevel>
</record>
<record>
  <date>2019-03-29T13:06:10</date>
  <millis>1553879170227</millis>
  <sequence>111</sequence>
  <level>PASSED</level>
  <class>com.kms.katalon.core.logging.XmlKeywordLogger</class>
  <method>logMessage</method>
  <thread>1</thread>
  <message>Row:43*******Montezuma-------19--------70--------6791--------167--------7667</message>
  <nestedLevel>1</nestedLevel>
</record>
<record>
  <date>2019-03-29T13:06:10</date>
  <millis>1553879170494</millis>
  <sequence>112</sequence>
  <level>PASSED</level>
  <class>com.kms.katalon.core.logging.XmlKeywordLogger</class>
  <method>logMessage</method>
  <thread>1</thread>
  <message>Row:44*******Montrose-------25--------68--------7828--------114--------9391</message>
  <nestedLevel>1</nestedLevel>
</record>
<record>
  <date>2019-03-29T13:06:10</date>
  <millis>1553879170787</millis>
  <sequence>113</sequence>
  <level>PASSED</level>
  <class>com.kms.katalon.core.logging.XmlKeywordLogger</class>
  <method>logMessage</method>
  <thread>1</thread>
  <message>Row:45*******Morgan-------11--------75--------5046--------115--------5107</message>
  <nestedLevel>1</nestedLevel>
</record>
<record>
  <date>2019-03-29T13:06:11</date>
  <millis>1553879171056</millis>
  <sequence>114</sequence>
  <level>PASSED</level>
  <class>com.kms.katalon.core.logging.XmlKeywordLogger</class>
  <method>logMessage</method>
  <thread>1</thread>
  <message>Row:46*******Otero-------8--------33--------3355--------106--------3661</message>
  <nestedLevel>1</nestedLevel>
</record>
<record>
  <date>2019-03-29T13:06:11</date>
  <millis>1553879171319</millis>
  <sequence>115</sequence>
  <level>PASSED</level>
  <class>com.kms.katalon.core.logging.XmlKeywordLogger</class>
  <method>logMessage</method>
  <thread>1</thread>
  <message>Row:47*******Ouray-------1--------0--------1324--------11--------1385</message>
  <nestedLevel>1</nestedLevel>
</record>
<record>
  <date>2019-03-29T13:06:11</date>
  <millis>1553879171589</millis>
  <sequence>116</sequence>
  <level>PASSED</level>
  <class>com.kms.katalon.core.logging.XmlKeywordLogger</class>
  <method>logMessage</method>
  <thread>1</thread>
  <message>Row:48*******Park-------10--------46--------3621--------67--------3846</message>
  <nestedLevel>1</nestedLevel>
</record>
<record>
  <date>2019-03-29T13:06:11</date>
  <millis>1553879171858</millis>
  <sequence>117</sequence>
  <level>PASSED</level>
  <class>com.kms.katalon.core.logging.XmlKeywordLogger</class>
  <method>logMessage</method>
  <thread>1</thread>
  <message>Row:49*******Phillips-------1--------6--------513--------9--------451</message>
  <nestedLevel>1</nestedLevel>
</record>
<record>
  <date>2019-03-29T13:06:12</date>
  <millis>1553879172159</millis>
  <sequence>118</sequence>
  <level>PASSED</level>
  <class>com.kms.katalon.core.logging.XmlKeywordLogger</class>
  <method>logMessage</method>
  <thread>1</thread>
  <message>Row:50*******Pitkin-------5--------13--------5137--------35--------4760</message>
  <nestedLevel>1</nestedLevel>
</record>
<record>
  <date>2019-03-29T13:06:12</date>
  <millis>1553879172457</millis>
  <sequence>119</sequence>
  <level>PASSED</level>
  <class>com.kms.katalon.core.logging.XmlKeywordLogger</class>
  <method>logMessage</method>
  <thread>1</thread>
  <message>Row:51*******Prowers-------10--------32--------1964--------49--------2518</message>
  <nestedLevel>1</nestedLevel>
</record>
<record>
  <date>2019-03-29T13:06:12</date>
  <millis>1553879172792</millis>
  <sequence>120</sequence>
  <level>PASSED</level>
  <class>com.kms.katalon.core.logging.XmlKeywordLogger</class>
  <method>logMessage</method>
  <thread>1</thread>
  <message>Row:52*******Pueblo-------156--------601--------37014--------1371--------52219</message>
  <nestedLevel>1</nestedLevel>
</record>
<record>
  <date>2019-03-29T13:06:13</date>
  <millis>1553879173143</millis>
  <sequence>121</sequence>
  <level>PASSED</level>
  <class>com.kms.katalon.core.logging.XmlKeywordLogger</class>
  <method>logMessage</method>
  <thread>1</thread>
  <message>Row:53*******Rio Blanco-------6--------7--------735--------24--------731</message>
  <nestedLevel>1</nestedLevel>
</record>
<record>
  <date>2019-03-29T13:06:13</date>
  <millis>1553879173462</millis>
  <sequence>122</sequence>
  <level>PASSED</level>
  <class>com.kms.katalon.core.logging.XmlKeywordLogger</class>
  <method>logMessage</method>
  <thread>1</thread>
  <message>Row:54*******Rio Grande-------12--------32--------2534--------68--------2457</message>
  <nestedLevel>1</nestedLevel>
</record>
<record>
  <date>2019-03-29T13:06:13</date>
  <millis>1553879173818</millis>
  <sequence>123</sequence>
  <level>PASSED</level>
  <class>com.kms.katalon.core.logging.XmlKeywordLogger</class>
  <method>logMessage</method>
  <thread>1</thread>
  <message>Row:55*******Routt-------17--------31--------7793--------84--------8337</message>
  <nestedLevel>1</nestedLevel>
</record>
<record>
  <date>2019-03-29T13:06:14</date>
  <millis>1553879174137</millis>
  <sequence>124</sequence>
  <level>PASSED</level>
  <class>com.kms.katalon.core.logging.XmlKeywordLogger</class>
  <method>logMessage</method>
  <thread>1</thread>
  <message>Row:56*******Saguache-------7--------21--------1934--------56--------2493</message>
  <nestedLevel>1</nestedLevel>
</record>
<record>
  <date>2019-03-29T13:06:14</date>
  <millis>1553879174464</millis>
  <sequence>125</sequence>
  <level>PASSED</level>
  <class>com.kms.katalon.core.logging.XmlKeywordLogger</class>
  <method>logMessage</method>
  <thread>1</thread>
  <message>Row:57*******San Juan-------2--------1--------295--------0--------332</message>
  <nestedLevel>1</nestedLevel>
</record>
<record>
  <date>2019-03-29T13:06:14</date>
  <millis>1553879174784</millis>
  <sequence>126</sequence>
  <level>PASSED</level>
  <class>com.kms.katalon.core.logging.XmlKeywordLogger</class>
  <method>logMessage</method>
  <thread>1</thread>
  <message>Row:58*******San Miguel-------3--------12--------2871--------42--------2674</message>
  <nestedLevel>1</nestedLevel>
</record>
<record>
  <date>2019-03-29T13:06:15</date>
  <millis>1553879175086</millis>
  <sequence>127</sequence>
  <level>PASSED</level>
  <class>com.kms.katalon.core.logging.XmlKeywordLogger</class>
  <method>logMessage</method>
  <thread>1</thread>
  <message>Row:59*******Sedgwick-------1--------2--------359--------21--------436</message>
  <nestedLevel>1</nestedLevel>
</record>
<record>
  <date>2019-03-29T13:06:15</date>
  <millis>1553879175426</millis>
  <sequence>128</sequence>
  <level>PASSED</level>
  <class>com.kms.katalon.core.logging.XmlKeywordLogger</class>
  <method>logMessage</method>
  <thread>1</thread>
  <message>Row:60*******Summit-------22--------42--------9621--------102--------9287</message>
  <nestedLevel>1</nestedLevel>
</record>
<record>
  <date>2019-03-29T13:06:15</date>
  <millis>1553879175696</millis>
  <sequence>129</sequence>
  <level>PASSED</level>
  <class>com.kms.katalon.core.logging.XmlKeywordLogger</class>
  <method>logMessage</method>
  <thread>1</thread>
  <message>Row:61*******Teller-------26--------56--------4274--------146--------5374</message>
  <nestedLevel>1</nestedLevel>
</record>
<record>
  <date>2019-03-29T13:06:15</date>
  <millis>1553879175986</millis>
  <sequence>130</sequence>
  <level>PASSED</level>
  <class>com.kms.katalon.core.logging.XmlKeywordLogger</class>
  <method>logMessage</method>
  <thread>1</thread>
  <message>Row:62*******Washington-------2--------7--------833--------12--------857</message>
  <nestedLevel>1</nestedLevel>
</record>
<record>
  <date>2019-03-29T13:06:16</date>
  <millis>1553879176303</millis>
  <sequence>131</sequence>
  <level>PASSED</level>
  <class>com.kms.katalon.core.logging.XmlKeywordLogger</class>
  <method>logMessage</method>
  <thread>1</thread>
  <message>Row:63*******Weld-------232--------736--------61024--------1638--------74018</message>
  <nestedLevel>1</nestedLevel>
</record>
<record>
  <date>2019-03-29T13:06:16</date>
  <millis>1553879176595</millis>
  <sequence>132</sequence>
  <level>PASSED</level>
  <class>com.kms.katalon.core.logging.XmlKeywordLogger</class>
  <method>logMessage</method>
  <thread>1</thread>
  <message>Row:64*******Yuma-------10--------15--------1675--------21--------1548</message>
  <nestedLevel>1</nestedLevel>
</record>
<record>
  <date>2019-03-29T13:06:17</date>
  <millis>1553879177589</millis>
  <sequence>133</sequence>
  <level>PASSED</level>
  <class>com.kms.katalon.core.logging.XmlKeywordLogger</class>
  <method>logMessage</method>
  <thread>1</thread>
  <message>Report Name: ***************************************Change Report Summary**********************************************************</message>
  <nestedLevel>1</nestedLevel>
</record>
<record>
  <date>2019-03-29T13:06:17</date>
  <millis>1553879177616</millis>
  <sequence>134</sequence>
  <level>PASSED</level>
  <class>com.kms.katalon.core.logging.XmlKeywordLogger</class>
  <method>logMessage</method>
  <thread>1</thread>
  <message>*******************************************************Monthly Reports**********************************************************</message>
  <nestedLevel>1</nestedLevel>
</record>
<record>
  <date>2019-03-29T13:06:17</date>
  <millis>1553879177657</millis>
  <sequence>135</sequence>
  <level>PASSED</level>
  <class>com.kms.katalon.core.logging.XmlKeywordLogger</class>
  <method>logMessage</method>
  <thread>1</thread>
  <message>February2019</message>
  <nestedLevel>1</nestedLevel>
</record>
<record>
  <date>2019-03-29T13:06:17</date>
  <millis>1553879177700</millis>
  <sequence>136</sequence>
  <level>PASSED</level>
  <class>com.kms.katalon.core.logging.XmlKeywordLogger</class>
  <method>logMessage</method>
  <thread>1</thread>
  <message>January2019</message>
  <nestedLevel>1</nestedLevel>
</record>
<record>
  <date>2019-03-29T13:06:17</date>
  <millis>1553879177743</millis>
  <sequence>137</sequence>
  <level>PASSED</level>
  <class>com.kms.katalon.core.logging.XmlKeywordLogger</class>
  <method>logMessage</method>
  <thread>1</thread>
  <message>December2018</message>
  <nestedLevel>1</nestedLevel>
</record>
<record>
  <date>2019-03-29T13:06:17</date>
  <millis>1553879177782</millis>
  <sequence>138</sequence>
  <level>PASSED</level>
  <class>com.kms.katalon.core.logging.XmlKeywordLogger</class>
  <method>logMessage</method>
  <thread>1</thread>
  <message>November2018</message>
  <nestedLevel>1</nestedLevel>
</record>
<record>
  <date>2019-03-29T13:06:17</date>
  <millis>1553879177823</millis>
  <sequence>139</sequence>
  <level>PASSED</level>
  <class>com.kms.katalon.core.logging.XmlKeywordLogger</class>
  <method>logMessage</method>
  <thread>1</thread>
  <message>October2018</message>
  <nestedLevel>1</nestedLevel>
</record>
<record>
  <date>2019-03-29T13:06:17</date>
  <millis>1553879177824</millis>
  <sequence>140</sequence>
  <level>PASSED</level>
  <class>com.kms.katalon.core.logging.XmlKeywordLogger</class>
  <method>logMessage</method>
  <thread>1</thread>
  <message>*******************************************************Yearly Reports**********************************************************</message>
  <nestedLevel>1</nestedLevel>
</record>
<record>
  <date>2019-03-29T13:06:17</date>
  <millis>1553879177898</millis>
  <sequence>141</sequence>
  <level>PASSED</level>
  <class>com.kms.katalon.core.logging.XmlKeywordLogger</class>
  <method>logMessage</method>
  <thread>1</thread>
  <message>2018</message>
  <nestedLevel>1</nestedLevel>
</record>
<record>
  <date>2019-03-29T13:06:17</date>
  <millis>1553879177935</millis>
  <sequence>142</sequence>
  <level>PASSED</level>
  <class>com.kms.katalon.core.logging.XmlKeywordLogger</class>
  <method>logMessage</method>
  <thread>1</thread>
  <message>2017</message>
  <nestedLevel>1</nestedLevel>
</record>
<record>
  <date>2019-03-29T13:06:17</date>
  <millis>1553879177975</millis>
  <sequence>143</sequence>
  <level>PASSED</level>
  <class>com.kms.katalon.core.logging.XmlKeywordLogger</class>
  <method>logMessage</method>
  <thread>1</thread>
  <message>2016</message>
  <nestedLevel>1</nestedLevel>
</record>
<record>
  <date>2019-03-29T13:06:18</date>
  <millis>1553879178020</millis>
  <sequence>144</sequence>
  <level>PASSED</level>
  <class>com.kms.katalon.core.logging.XmlKeywordLogger</class>
  <method>logMessage</method>
  <thread>1</thread>
  <message>2015</message>
  <nestedLevel>1</nestedLevel>
</record>
<record>
  <date>2019-03-29T13:06:18</date>
  <millis>1553879178056</millis>
  <sequence>145</sequence>
  <level>PASSED</level>
  <class>com.kms.katalon.core.logging.XmlKeywordLogger</class>
  <method>logMessage</method>
  <thread>1</thread>
  <message>2014</message>
  <nestedLevel>1</nestedLevel>
</record>
<record>
  <date>2019-03-29T13:06:18</date>
  <millis>1553879178997</millis>
  <sequence>146</sequence>
  <level>PASSED</level>
  <class>com.kms.katalon.core.logging.XmlKeywordLogger</class>
  <method>logMessage</method>
  <thread>1</thread>
  <message>Report Name: ***************************************AFB Report Summary**********************************************************</message>
  <nestedLevel>1</nestedLevel>
</record>
<record>
  <date>2019-03-29T13:06:19</date>
  <millis>1553879179013</millis>
  <sequence>147</sequence>
  <level>PASSED</level>
  <class>com.kms.katalon.core.logging.XmlKeywordLogger</class>
  <method>logMessage</method>
  <thread>1</thread>
  <message>*******************************************************Monthly Reports**********************************************************</message>
  <nestedLevel>1</nestedLevel>
</record>
<record>
  <date>2019-03-29T13:06:19</date>
  <millis>1553879179049</millis>
  <sequence>148</sequence>
  <level>PASSED</level>
  <class>com.kms.katalon.core.logging.XmlKeywordLogger</class>
  <method>logMessage</method>
  <thread>1</thread>
  <message>February2019</message>
  <nestedLevel>1</nestedLevel>
</record>
<record>
  <date>2019-03-29T13:06:19</date>
  <millis>1553879179087</millis>
  <sequence>149</sequence>
  <level>PASSED</level>
  <class>com.kms.katalon.core.logging.XmlKeywordLogger</class>
  <method>logMessage</method>
  <thread>1</thread>
  <message>January2019</message>
  <nestedLevel>1</nestedLevel>
</record>
<record>
  <date>2019-03-29T13:06:19</date>
  <millis>1553879179122</millis>
  <sequence>150</sequence>
  <level>PASSED</level>
  <class>com.kms.katalon.core.logging.XmlKeywordLogger</class>
  <method>logMessage</method>
  <thread>1</thread>
  <message>December2018</message>
  <nestedLevel>1</nestedLevel>
</record>
<record>
  <date>2019-03-29T13:06:19</date>
  <millis>1553879179168</millis>
  <sequence>151</sequence>
  <level>PASSED</level>
  <class>com.kms.katalon.core.logging.XmlKeywordLogger</class>
  <method>logMessage</method>
  <thread>1</thread>
  <message>November2018</message>
  <nestedLevel>1</nestedLevel>
</record>
<record>
  <date>2019-03-29T13:06:19</date>
  <millis>1553879179222</millis>
  <sequence>152</sequence>
  <level>PASSED</level>
  <class>com.kms.katalon.core.logging.XmlKeywordLogger</class>
  <method>logMessage</method>
  <thread>1</thread>
  <message>October2018</message>
  <nestedLevel>1</nestedLevel>
</record>
<record>
  <date>2019-03-29T13:06:19</date>
  <millis>1553879179222</millis>
  <sequence>153</sequence>
  <level>PASSED</level>
  <class>com.kms.katalon.core.logging.XmlKeywordLogger</class>
  <method>logMessage</method>
  <thread>1</thread>
  <message>*******************************************************AFB Reports by Year**********************************************************</message>
  <nestedLevel>1</nestedLevel>
</record>
<record>
  <date>2019-03-29T13:06:19</date>
  <millis>1553879179287</millis>
  <sequence>154</sequence>
  <level>PASSED</level>
  <class>com.kms.katalon.core.logging.XmlKeywordLogger</class>
  <method>logMessage</method>
  <thread>1</thread>
  <message>2018</message>
  <nestedLevel>1</nestedLevel>
</record>
<record>
  <date>2019-03-29T13:06:19</date>
  <millis>1553879179325</millis>
  <sequence>155</sequence>
  <level>PASSED</level>
  <class>com.kms.katalon.core.logging.XmlKeywordLogger</class>
  <method>logMessage</method>
  <thread>1</thread>
  <message>2017</message>
  <nestedLevel>1</nestedLevel>
</record>
<record>
  <date>2019-03-29T13:06:19</date>
  <millis>1553879179383</millis>
  <sequence>156</sequence>
  <level>PASSED</level>
  <class>com.kms.katalon.core.logging.XmlKeywordLogger</class>
  <method>logMessage</method>
  <thread>1</thread>
  <message>2016</message>
  <nestedLevel>1</nestedLevel>
</record>
<record>
  <date>2019-03-29T13:06:19</date>
  <millis>1553879179444</millis>
  <sequence>157</sequence>
  <level>PASSED</level>
  <class>com.kms.katalon.core.logging.XmlKeywordLogger</class>
  <method>logMessage</method>
  <thread>1</thread>
  <message>2015</message>
  <nestedLevel>1</nestedLevel>
</record>
<record>
  <date>2019-03-29T13:06:20</date>
  <millis>1553879180324</millis>
  <sequence>158</sequence>
  <level>PASSED</level>
  <class>com.kms.katalon.core.logging.XmlKeywordLogger</class>
  <method>logMessage</method>
  <thread>1</thread>
  <message>Report Name: ***************************************AFB Incomplete Pages**********************************************************</message>
  <nestedLevel>1</nestedLevel>
</record>
<record>
  <date>2019-03-29T13:06:20</date>
  <millis>1553879180337</millis>
  <sequence>159</sequence>
  <level>PASSED</level>
  <class>com.kms.katalon.core.logging.XmlKeywordLogger</class>
  <method>logMessage</method>
  <thread>1</thread>
  <message>*******************************************************Monthly Reports**********************************************************</message>
  <nestedLevel>1</nestedLevel>
</record>
<record>
  <date>2019-03-29T13:06:20</date>
  <millis>1553879180376</millis>
  <sequence>160</sequence>
  <level>PASSED</level>
  <class>com.kms.katalon.core.logging.XmlKeywordLogger</class>
  <method>logMessage</method>
  <thread>1</thread>
  <message>February2019</message>
  <nestedLevel>1</nestedLevel>
</record>
<record>
  <date>2019-03-29T13:06:20</date>
  <millis>1553879180427</millis>
  <sequence>161</sequence>
  <level>PASSED</level>
  <class>com.kms.katalon.core.logging.XmlKeywordLogger</class>
  <method>logMessage</method>
  <thread>1</thread>
  <message>January2019</message>
  <nestedLevel>1</nestedLevel>
</record>
<record>
  <date>2019-03-29T13:06:20</date>
  <millis>1553879180477</millis>
  <sequence>162</sequence>
  <level>PASSED</level>
  <class>com.kms.katalon.core.logging.XmlKeywordLogger</class>
  <method>logMessage</method>
  <thread>1</thread>
  <message>December2018</message>
  <nestedLevel>1</nestedLevel>
</record>
<record>
  <date>2019-03-29T13:06:20</date>
  <millis>1553879180526</millis>
  <sequence>163</sequence>
  <level>PASSED</level>
  <class>com.kms.katalon.core.logging.XmlKeywordLogger</class>
  <method>logMessage</method>
  <thread>1</thread>
  <message>November2018</message>
  <nestedLevel>1</nestedLevel>
</record>
<record>
  <date>2019-03-29T13:06:20</date>
  <millis>1553879180569</millis>
  <sequence>164</sequence>
  <level>PASSED</level>
  <class>com.kms.katalon.core.logging.XmlKeywordLogger</class>
  <method>logMessage</method>
  <thread>1</thread>
  <message>October2018</message>
  <nestedLevel>1</nestedLevel>
</record>
<record>
  <date>2019-03-29T13:06:20</date>
  <millis>1553879180570</millis>
  <sequence>165</sequence>
  <level>PASSED</level>
  <class>com.kms.katalon.core.logging.XmlKeywordLogger</class>
  <method>logMessage</method>
  <thread>1</thread>
  <message>*******************************************************Yearly Page Report**********************************************************</message>
  <nestedLevel>1</nestedLevel>
</record>
<record>
  <date>2019-03-29T13:06:20</date>
  <millis>1553879180638</millis>
  <sequence>166</sequence>
  <level>PASSED</level>
  <class>com.kms.katalon.core.logging.XmlKeywordLogger</class>
  <method>logMessage</method>
  <thread>1</thread>
  <message>2018</message>
  <nestedLevel>1</nestedLevel>
</record>
<record>
  <date>2019-03-29T13:06:20</date>
  <millis>1553879180687</millis>
  <sequence>167</sequence>
  <level>PASSED</level>
  <class>com.kms.katalon.core.logging.XmlKeywordLogger</class>
  <method>logMessage</method>
  <thread>1</thread>
  <message>2017</message>
  <nestedLevel>1</nestedLevel>
</record>
<record>
  <date>2019-03-29T13:06:20</date>
  <millis>1553879180742</millis>
  <sequence>168</sequence>
  <level>PASSED</level>
  <class>com.kms.katalon.core.logging.XmlKeywordLogger</class>
  <method>logMessage</method>
  <thread>1</thread>
  <message>2016</message>
  <nestedLevel>1</nestedLevel>
</record>
<record>
  <date>2019-03-29T13:06:20</date>
  <millis>1553879180789</millis>
  <sequence>169</sequence>
  <level>PASSED</level>
  <class>com.kms.katalon.core.logging.XmlKeywordLogger</class>
  <method>logMessage</method>
  <thread>1</thread>
  <message>2015</message>
  <nestedLevel>1</nestedLevel>
</record>
<record>
  <date>2019-03-29T13:06:20</date>
  <millis>1553879180848</millis>
  <sequence>170</sequence>
  <level>PASSED</level>
  <class>com.kms.katalon.core.logging.XmlKeywordLogger</class>
  <method>logMessage</method>
  <thread>1</thread>
  <message>2014</message>
  <nestedLevel>1</nestedLevel>
</record>
<record>
  <date>2019-03-29T13:06:20</date>
  <millis>1553879180907</millis>
  <sequence>171</sequence>
  <level>PASSED</level>
  <class>com.kms.katalon.core.logging.XmlKeywordLogger</class>
  <method>logMessage</method>
  <thread>1</thread>
  <message>2013</message>
  <nestedLevel>1</nestedLevel>
</record>
<record>
  <date>2019-03-29T13:06:21</date>
  <millis>1553879181854</millis>
  <sequence>172</sequence>
  <level>PASSED</level>
  <class>com.kms.katalon.core.logging.XmlKeywordLogger</class>
  <method>logMessage</method>
  <thread>1</thread>
  <message>Report Name: ***************************************Medical Card Requests**********************************************************</message>
  <nestedLevel>1</nestedLevel>
</record>
<record>
  <date>2019-03-29T13:06:21</date>
  <millis>1553879181872</millis>
  <sequence>173</sequence>
  <level>PASSED</level>
  <class>com.kms.katalon.core.logging.XmlKeywordLogger</class>
  <method>logMessage</method>
  <thread>1</thread>
  <message>*******************************************************Monthly Reports**********************************************************</message>
  <nestedLevel>1</nestedLevel>
</record>
<record>
  <date>2019-03-29T13:06:21</date>
  <millis>1553879181970</millis>
  <sequence>174</sequence>
  <level>PASSED</level>
  <class>com.kms.katalon.core.logging.XmlKeywordLogger</class>
  <method>logMessage</method>
  <thread>1</thread>
  <message>February</message>
  <nestedLevel>1</nestedLevel>
</record>
<record>
  <date>2019-03-29T13:06:22</date>
  <millis>1553879182016</millis>
  <sequence>175</sequence>
  <level>PASSED</level>
  <class>com.kms.katalon.core.logging.XmlKeywordLogger</class>
  <method>logMessage</method>
  <thread>1</thread>
  <message>January</message>
  <nestedLevel>1</nestedLevel>
</record>
<record>
  <date>2019-03-29T13:06:22</date>
  <millis>1553879182062</millis>
  <sequence>176</sequence>
  <level>PASSED</level>
  <class>com.kms.katalon.core.logging.XmlKeywordLogger</class>
  <method>logMessage</method>
  <thread>1</thread>
  <message>December</message>
  <nestedLevel>1</nestedLevel>
</record>
<record>
  <date>2019-03-29T13:06:22</date>
  <millis>1553879182110</millis>
  <sequence>177</sequence>
  <level>PASSED</level>
  <class>com.kms.katalon.core.logging.XmlKeywordLogger</class>
  <method>logMessage</method>
  <thread>1</thread>
  <message>November</message>
  <nestedLevel>1</nestedLevel>
</record>
<record>
  <date>2019-03-29T13:06:22</date>
  <millis>1553879182150</millis>
  <sequence>178</sequence>
  <level>PASSED</level>
  <class>com.kms.katalon.core.logging.XmlKeywordLogger</class>
  <method>logMessage</method>
  <thread>1</thread>
  <message>October</message>
  <nestedLevel>1</nestedLevel>
</record>
<record>
  <date>2019-03-29T13:06:22</date>
  <millis>1553879182190</millis>
  <sequence>179</sequence>
  <level>PASSED</level>
  <class>com.kms.katalon.core.logging.XmlKeywordLogger</class>
  <method>logMessage</method>
  <thread>1</thread>
  <message>September</message>
  <nestedLevel>1</nestedLevel>
</record>
<record>
  <date>2019-03-29T13:06:22</date>
  <millis>1553879182230</millis>
  <sequence>180</sequence>
  <level>PASSED</level>
  <class>com.kms.katalon.core.logging.XmlKeywordLogger</class>
  <method>logMessage</method>
  <thread>1</thread>
  <message>August</message>
  <nestedLevel>1</nestedLevel>
</record>
<record>
  <date>2019-03-29T13:06:22</date>
  <millis>1553879182270</millis>
  <sequence>181</sequence>
  <level>PASSED</level>
  <class>com.kms.katalon.core.logging.XmlKeywordLogger</class>
  <method>logMessage</method>
  <thread>1</thread>
  <message>July</message>
  <nestedLevel>1</nestedLevel>
</record>
<record>
  <date>2019-03-29T13:06:22</date>
  <millis>1553879182317</millis>
  <sequence>182</sequence>
  <level>PASSED</level>
  <class>com.kms.katalon.core.logging.XmlKeywordLogger</class>
  <method>logMessage</method>
  <thread>1</thread>
  <message>June</message>
  <nestedLevel>1</nestedLevel>
</record>
<record>
  <date>2019-03-29T13:06:22</date>
  <millis>1553879182365</millis>
  <sequence>183</sequence>
  <level>PASSED</level>
  <class>com.kms.katalon.core.logging.XmlKeywordLogger</class>
  <method>logMessage</method>
  <thread>1</thread>
  <message>May</message>
  <nestedLevel>1</nestedLevel>
</record>
<record>
  <date>2019-03-29T13:06:22</date>
  <millis>1553879182403</millis>
  <sequence>184</sequence>
  <level>PASSED</level>
  <class>com.kms.katalon.core.logging.XmlKeywordLogger</class>
  <method>logMessage</method>
  <thread>1</thread>
  <message>April</message>
  <nestedLevel>1</nestedLevel>
</record>
<record>
  <date>2019-03-29T13:06:22</date>
  <millis>1553879182446</millis>
  <sequence>185</sequence>
  <level>PASSED</level>
  <class>com.kms.katalon.core.logging.XmlKeywordLogger</class>
  <method>logMessage</method>
  <thread>1</thread>
  <message>March</message>
  <nestedLevel>1</nestedLevel>
</record>
<record>
  <date>2019-03-29T13:06:22</date>
  <millis>1553879182446</millis>
  <sequence>186</sequence>
  <level>PASSED</level>
  <class>com.kms.katalon.core.logging.XmlKeywordLogger</class>
  <method>logMessage</method>
  <thread>1</thread>
  <message>*******************************************************Yearly Reports**********************************************************</message>
  <nestedLevel>1</nestedLevel>
</record>
<record>
  <date>2019-03-29T13:06:22</date>
  <millis>1553879182506</millis>
  <sequence>187</sequence>
  <level>PASSED</level>
  <class>com.kms.katalon.core.logging.XmlKeywordLogger</class>
  <method>logMessage</method>
  <thread>1</thread>
  <message>2018</message>
  <nestedLevel>1</nestedLevel>
</record>
<record>
  <date>2019-03-29T13:06:22</date>
  <millis>1553879182539</millis>
  <sequence>188</sequence>
  <level>PASSED</level>
  <class>com.kms.katalon.core.logging.XmlKeywordLogger</class>
  <method>logMessage</method>
  <thread>1</thread>
  <message>2017</message>
  <nestedLevel>1</nestedLevel>
</record>
<record>
  <date>2019-03-29T13:06:23</date>
  <millis>1553879183284</millis>
  <sequence>189</sequence>
  <level>PASSED</level>
  <class>com.kms.katalon.core.logging.XmlKeywordLogger</class>
  <method>logMessage</method>
  <thread>1</thread>
  <message>Report Name: ***************************************Document Uploads Via PEAK**********************************************************</message>
  <nestedLevel>1</nestedLevel>
</record>
<record>
  <date>2019-03-29T13:06:23</date>
  <millis>1553879183300</millis>
  <sequence>190</sequence>
  <level>PASSED</level>
  <class>com.kms.katalon.core.logging.XmlKeywordLogger</class>
  <method>logMessage</method>
  <thread>1</thread>
  <message>*******************************************************Monthly Reports**********************************************************</message>
  <nestedLevel>1</nestedLevel>
</record>
<record>
  <date>2019-03-29T13:06:23</date>
  <millis>1553879183339</millis>
  <sequence>191</sequence>
  <level>PASSED</level>
  <class>com.kms.katalon.core.logging.XmlKeywordLogger</class>
  <method>logMessage</method>
  <thread>1</thread>
  <message>February-2019</message>
  <nestedLevel>1</nestedLevel>
</record>
<record>
  <date>2019-03-29T13:06:23</date>
  <millis>1553879183379</millis>
  <sequence>192</sequence>
  <level>PASSED</level>
  <class>com.kms.katalon.core.logging.XmlKeywordLogger</class>
  <method>logMessage</method>
  <thread>1</thread>
  <message>January-2019</message>
  <nestedLevel>1</nestedLevel>
</record>
<record>
  <date>2019-03-29T13:06:23</date>
  <millis>1553879183409</millis>
  <sequence>193</sequence>
  <level>PASSED</level>
  <class>com.kms.katalon.core.logging.XmlKeywordLogger</class>
  <method>logMessage</method>
  <thread>1</thread>
  <message>December-2018</message>
  <nestedLevel>1</nestedLevel>
</record>
<record>
  <date>2019-03-29T13:06:23</date>
  <millis>1553879183438</millis>
  <sequence>194</sequence>
  <level>PASSED</level>
  <class>com.kms.katalon.core.logging.XmlKeywordLogger</class>
  <method>logMessage</method>
  <thread>1</thread>
  <message>November-2018</message>
  <nestedLevel>1</nestedLevel>
</record>
<record>
  <date>2019-03-29T13:06:23</date>
  <millis>1553879183467</millis>
  <sequence>195</sequence>
  <level>PASSED</level>
  <class>com.kms.katalon.core.logging.XmlKeywordLogger</class>
  <method>logMessage</method>
  <thread>1</thread>
  <message>October-2018</message>
  <nestedLevel>1</nestedLevel>
</record>
<record>
  <date>2019-03-29T13:06:24</date>
  <millis>1553879184270</millis>
  <sequence>196</sequence>
  <level>PASSED</level>
  <class>com.kms.katalon.core.logging.XmlKeywordLogger</class>
  <method>logMessage</method>
  <thread>1</thread>
  <message>Report Name: ***************************************Voter Registration**********************************************************</message>
  <nestedLevel>1</nestedLevel>
</record>
<record>
  <date>2019-03-29T13:06:24</date>
  <millis>1553879184286</millis>
  <sequence>197</sequence>
  <level>PASSED</level>
  <class>com.kms.katalon.core.logging.XmlKeywordLogger</class>
  <method>logMessage</method>
  <thread>1</thread>
  <message>*******************************************************Monthly Reports**********************************************************</message>
  <nestedLevel>1</nestedLevel>
</record>
<record>
  <date>2019-03-29T13:06:24</date>
  <millis>1553879184324</millis>
  <sequence>198</sequence>
  <level>PASSED</level>
  <class>com.kms.katalon.core.logging.XmlKeywordLogger</class>
  <method>logMessage</method>
  <thread>1</thread>
  <message>February 2019</message>
  <nestedLevel>1</nestedLevel>
</record>
<record>
  <date>2019-03-29T13:06:24</date>
  <millis>1553879184364</millis>
  <sequence>199</sequence>
  <level>PASSED</level>
  <class>com.kms.katalon.core.logging.XmlKeywordLogger</class>
  <method>logMessage</method>
  <thread>1</thread>
  <message>January 2019</message>
  <nestedLevel>1</nestedLevel>
</record>
<record>
  <date>2019-03-29T13:06:24</date>
  <millis>1553879184403</millis>
  <sequence>200</sequence>
  <level>PASSED</level>
  <class>com.kms.katalon.core.logging.XmlKeywordLogger</class>
  <method>logMessage</method>
  <thread>1</thread>
  <message>December 2018</message>
  <nestedLevel>1</nestedLevel>
</record>
<record>
  <date>2019-03-29T13:06:24</date>
  <millis>1553879184436</millis>
  <sequence>201</sequence>
  <level>PASSED</level>
  <class>com.kms.katalon.core.logging.XmlKeywordLogger</class>
  <method>logMessage</method>
  <thread>1</thread>
  <message>November 2018</message>
  <nestedLevel>1</nestedLevel>
</record>
<record>
  <date>2019-03-29T13:06:24</date>
  <millis>1553879184470</millis>
  <sequence>202</sequence>
  <level>PASSED</level>
  <class>com.kms.katalon.core.logging.XmlKeywordLogger</class>
  <method>logMessage</method>
  <thread>1</thread>
  <message>October 2018</message>
  <nestedLevel>1</nestedLevel>
</record>
<record>
  <date>2019-03-29T13:06:24</date>
  <millis>1553879184523</millis>
  <sequence>203</sequence>
  <level>PASSED</level>
  <class>com.kms.katalon.core.logging.XmlKeywordLogger</class>
  <method>logMessage</method>
  <thread>1</thread>
  <message>September 2018</message>
  <nestedLevel>1</nestedLevel>
</record>
<record>
  <date>2019-03-29T13:06:24</date>
  <millis>1553879184574</millis>
  <sequence>204</sequence>
  <level>PASSED</level>
  <class>com.kms.katalon.core.logging.XmlKeywordLogger</class>
  <method>logMessage</method>
  <thread>1</thread>
  <message>August 2018</message>
  <nestedLevel>1</nestedLevel>
</record>
<record>
  <date>2019-03-29T13:06:24</date>
  <millis>1553879184631</millis>
  <sequence>205</sequence>
  <level>PASSED</level>
  <class>com.kms.katalon.core.logging.XmlKeywordLogger</class>
  <method>logMessage</method>
  <thread>1</thread>
  <message>July 2018</message>
  <nestedLevel>1</nestedLevel>
</record>
<record>
  <date>2019-03-29T13:06:24</date>
  <millis>1553879184681</millis>
  <sequence>206</sequence>
  <level>PASSED</level>
  <class>com.kms.katalon.core.logging.XmlKeywordLogger</class>
  <method>logMessage</method>
  <thread>1</thread>
  <message>June 2018</message>
  <nestedLevel>1</nestedLevel>
</record>
<record>
  <date>2019-03-29T13:06:24</date>
  <millis>1553879184714</millis>
  <sequence>207</sequence>
  <level>PASSED</level>
  <class>com.kms.katalon.core.logging.XmlKeywordLogger</class>
  <method>logMessage</method>
  <thread>1</thread>
  <message>May 2018</message>
  <nestedLevel>1</nestedLevel>
</record>
<record>
  <date>2019-03-29T13:06:24</date>
  <millis>1553879184752</millis>
  <sequence>208</sequence>
  <level>PASSED</level>
  <class>com.kms.katalon.core.logging.XmlKeywordLogger</class>
  <method>logMessage</method>
  <thread>1</thread>
  <message>April 2018</message>
  <nestedLevel>1</nestedLevel>
</record>
<record>
  <date>2019-03-29T13:06:24</date>
  <millis>1553879184790</millis>
  <sequence>209</sequence>
  <level>PASSED</level>
  <class>com.kms.katalon.core.logging.XmlKeywordLogger</class>
  <method>logMessage</method>
  <thread>1</thread>
  <message>March 2018</message>
  <nestedLevel>1</nestedLevel>
</record>
<record>
  <date>2019-03-29T13:06:24</date>
  <millis>1553879184791</millis>
  <sequence>210</sequence>
  <level>PASSED</level>
  <class>com.kms.katalon.core.logging.XmlKeywordLogger</class>
  <method>logMessage</method>
  <thread>1</thread>
  <message>*******************************************************Yearly Reports**********************************************************</message>
  <nestedLevel>1</nestedLevel>
</record>
<record>
  <date>2019-03-29T13:06:24</date>
  <millis>1553879184851</millis>
  <sequence>211</sequence>
  <level>PASSED</level>
  <class>com.kms.katalon.core.logging.XmlKeywordLogger</class>
  <method>logMessage</method>
  <thread>1</thread>
  <message>2018</message>
  <nestedLevel>1</nestedLevel>
</record>
<record>
  <date>2019-03-29T13:06:24</date>
  <millis>1553879184905</millis>
  <sequence>212</sequence>
  <level>PASSED</level>
  <class>com.kms.katalon.core.logging.XmlKeywordLogger</class>
  <method>logMessage</method>
  <thread>1</thread>
  <message>2017</message>
  <nestedLevel>1</nestedLevel>
</record>
<record>
  <date>2019-03-29T13:06:24</date>
  <millis>1553879184951</millis>
  <sequence>213</sequence>
  <level>PASSED</level>
  <class>com.kms.katalon.core.logging.XmlKeywordLogger</class>
  <method>logMessage</method>
  <thread>1</thread>
  <message>2016</message>
  <nestedLevel>1</nestedLevel>
</record>
<record>
  <date>2019-03-29T13:06:26</date>
  <millis>1553879186214</millis>
  <sequence>214</sequence>
  <level>END</level>
  <class>com.kms.katalon.core.logging.XmlKeywordLogger</class>
  <method>endKeyword</method>
  <thread>1</thread>
  <message>End action : com.app.keyword.Keywords.peakReport()</message>
  <nestedLevel>1</nestedLevel>
</record>
<record>
  <date>2019-03-29T13:06:26</date>
  <millis>1553879186214</millis>
  <sequence>215</sequence>
  <level>PASSED</level>
  <class>com.kms.katalon.core.logging.XmlKeywordLogger</class>
  <method>logMessage</method>
  <thread>1</thread>
  <message>Test Cases/ColoradoPeak</message>
  <nestedLevel>1</nestedLevel>
</record>
<record>
  <date>2019-03-29T13:06:26</date>
  <millis>1553879186215</millis>
  <sequence>216</sequence>
  <level>START</level>
  <class>com.kms.katalon.core.logging.XmlKeywordLogger</class>
  <method>startKeyword</method>
  <thread>1</thread>
  <message>Start listener action : sampleAfterTestCase</message>
  <nestedLevel>1</nestedLevel>
</record>
<record>
  <date>2019-03-29T13:06:26</date>
  <millis>1553879186216</millis>
  <sequence>218</sequence>
  <level>START</level>
  <class>com.kms.katalon.core.logging.XmlKeywordLogger</class>
  <method>startKeyword</method>
  <thread>1</thread>
  <message>Start action : println(testCaseContext.getTestCaseId())</message>
  <nestedLevel>1</nestedLevel>
  <property name="startLine">42</property>
  <property name="stepIndex">1</property>
</record>
<record>
  <date>2019-03-29T13:06:26</date>
  <millis>1553879186219</millis>
  <sequence>219</sequence>
  <level>END</level>
  <class>com.kms.katalon.core.logging.XmlKeywordLogger</class>
  <method>endKeyword</method>
  <thread>1</thread>
  <message>End action : println(testCaseContext.getTestCaseId())</message>
  <nestedLevel>1</nestedLevel>
</record>
<record>
  <date>2019-03-29T13:06:26</date>
  <millis>1553879186219</millis>
  <sequence>220</sequence>
  <level>START</level>
  <class>com.kms.katalon.core.logging.XmlKeywordLogger</class>
  <method>startKeyword</method>
  <thread>1</thread>
  <message>Start action : println(testCaseContext.getTestCaseStatus())</message>
  <nestedLevel>1</nestedLevel>
  <property name="startLine">43</property>
  <property name="stepIndex">2</property>
</record>
<record>
  <date>2019-03-29T13:06:26</date>
  <millis>1553879186221</millis>
  <sequence>222</sequence>
  <level>END</level>
  <class>com.kms.katalon.core.logging.XmlKeywordLogger</class>
  <method>endKeyword</method>
  <thread>1</thread>
  <message>End action : println(testCaseContext.getTestCaseStatus())</message>
  <nestedLevel>1</nestedLevel>
</record>
<record>
  <date>2019-03-29T13:06:26</date>
  <millis>1553879186222</millis>
  <sequence>223</sequence>
  <level>END</level>
  <class>com.kms.katalon.core.logging.XmlKeywordLogger</class>
  <method>endKeyword</method>
  <thread>1</thread>
  <message>End listener action : sampleAfterTestCase</message>
  <nestedLevel>1</nestedLevel>
</record>
<record>
  <date>2019-03-29T13:06:26</date>
  <millis>1553879186223</millis>
  <sequence>224</sequence>
  <level>END</level>
  <class>com.kms.katalon.core.logging.XmlKeywordLogger</class>
  <method>endTest</method>
  <thread>1</thread>
  <message>End Test Case : Test Cases/ColoradoPeak</message>
  <nestedLevel>0</nestedLevel>
</record>
<record>
  <date>2019-03-29T13:06:26</date>
  <millis>1553879186240</millis>
  <sequence>225</sequence>
  <level>START</level>
  <class>com.kms.katalon.core.logging.XmlKeywordLogger</class>
  <method>startKeyword</method>
  <thread>1</thread>
  <message>Start listener action : sampleAfterTestSuite</message>
  <nestedLevel>0</nestedLevel>
</record>
<record>
  <date>2019-03-29T13:06:26</date>
  <millis>1553879186241</millis>
  <sequence>227</sequence>
  <level>START</level>
  <class>com.kms.katalon.core.logging.XmlKeywordLogger</class>
  <method>startKeyword</method>
  <thread>1</thread>
  <message>Start action : println(testSuiteContext.getTestSuiteId())</message>
  <nestedLevel>1</nestedLevel>
  <property name="startLine">61</property>
  <property name="stepIndex">1</property>
</record>
<record>
  <date>2019-03-29T13:06:26</date>
  <millis>1553879186245</millis>
  <sequence>229</sequence>
  <level>END</level>
  <class>com.kms.katalon.core.logging.XmlKeywordLogger</class>
  <method>endKeyword</method>
  <thread>1</thread>
  <message>End action : println(testSuiteContext.getTestSuiteId())</message>
  <nestedLevel>1</nestedLevel>
</record>
<record>
  <date>2019-03-29T13:06:26</date>
  <millis>1553879186245</millis>
  <sequence>230</sequence>
  <level>END</level>
  <class>com.kms.katalon.core.logging.XmlKeywordLogger</class>
  <method>endKeyword</method>
  <thread>1</thread>
  <message>End listener action : sampleAfterTestSuite</message>
  <nestedLevel>0</nestedLevel>
</record>
<record>
  <date>2019-03-29T13:06:26</date>
  <millis>1553879186332</millis>
  <sequence>231</sequence>
  <level>END</level>
  <class>com.kms.katalon.core.logging.XmlKeywordLogger</class>
  <method>endSuite</method>
  <thread>1</thread>
  <message>End Test Suite : Test Suites/ColoradoPeakProMetrics</message>
  <nestedLevel>0</nestedLevel>
</record>
</log>
